{"meta": {"format": 3, "version": "7.12.0", "timestamp": "2025-11-26T13:18:35.303896", "branch_coverage": false, "show_contexts": false}, "files": {"config.py": {"executed_lines": [1, 12, 13, 14, 15, 16, 17, 19, 23, 24, 25, 28, 29, 30, 32, 33, 34, 35, 36, 37, 40, 41, 42, 44, 45, 46, 47, 48, 49, 52, 53, 54, 56, 57, 58, 59, 62, 63, 64, 66, 67, 68, 69, 70, 72, 73, 74, 75, 76, 77, 78, 79, 82, 83, 84, 86, 87, 88, 89, 90, 91, 92, 93, 95, 96, 97, 98, 99, 102, 103, 104, 106, 107, 108, 109, 112, 113, 114, 116, 117, 118, 119, 120, 123, 124, 125, 127, 128, 129, 130, 131, 132, 133, 136, 137, 138, 140, 141, 142, 143, 144, 145, 146, 147, 150, 151, 161, 177, 178, 179, 180, 183, 185, 194, 195, 199, 200, 201, 202, 203, 204, 207, 208, 209, 210, 211, 212, 213, 214, 215, 216, 219, 222, 225, 228, 230, 241, 242, 243, 244, 246, 247, 249, 262, 263, 264, 265, 268, 271, 272, 273, 275, 278, 279, 281, 282, 284, 286, 288, 290, 300, 311, 312, 314, 316, 331, 332, 334, 335, 336, 338, 340, 342, 355, 356, 358, 359, 360, 361, 363, 364, 367, 369, 378, 379, 380, 381, 382, 385, 386, 387, 388, 389, 390, 391, 393, 395, 396, 397, 401, 404, 416, 417, 418, 421, 433, 436], "summary": {"covered_lines": 196, "num_statements": 208, "percent_covered": 94.23076923076923, "percent_covered_display": "94", "missing_lines": 12, "excluded_lines": 0, "percent_statements_covered": 94.23076923076923, "percent_statements_covered_display": "94"}, "missing_lines": [274, 438, 440, 442, 443, 444, 445, 446, 449, 450, 453, 454], "excluded_lines": [], "functions": {"ConfigManager.__init__": {"executed_lines": [177, 178, 179, 180, 183], "summary": {"covered_lines": 5, "num_statements": 5, "percent_covered": 100.0, "percent_covered_display": "100", "missing_lines": 0, "excluded_lines": 0, "percent_statements_covered": 100.0, "percent_statements_covered_display": "100"}, "missing_lines": [], "excluded_lines": []}, "ConfigManager._load_configuration": {"executed_lines": [194, 195, 199, 200, 201, 202, 203, 204, 207, 208, 209, 210, 211, 212, 213, 214, 215, 216, 219, 222, 225, 228], "summary": {"covered_lines": 22, "num_statements": 22, "percent_covered": 100.0, "percent_covered_display": "100", "missing_lines": 0, "excluded_lines": 0, "percent_statements_covered": 100.0, "percent_statements_covered_display": "100"}, "missing_lines": [], "excluded_lines": []}, "ConfigManager._merge_dicts": {"executed_lines": [241, 242, 243, 244, 246, 247], "summary": {"covered_lines": 6, "num_statements": 6, "percent_covered": 100.0, "percent_covered_display": "100", "missing_lines": 0, "excluded_lines": 0, "percent_statements_covered": 100.0, "percent_statements_covered_display": "100"}, "missing_lines": [], "excluded_lines": []}, "ConfigManager._apply_env_overrides": {"executed_lines": [262, 263, 264, 265, 268, 271, 272, 273, 275, 278, 279, 281, 282, 284, 286, 288], "summary": {"covered_lines": 16, "num_statements": 17, "percent_covered": 94.11764705882354, "percent_covered_display": "94", "missing_lines": 1, "excluded_lines": 0, "percent_statements_covered": 94.11764705882354, "percent_statements_covered_display": "94"}, "missing_lines": [274], "excluded_lines": []}, "ConfigManager._dict_to_config": {"executed_lines": [300], "summary": {"covered_lines": 1, "num_statements": 1, "percent_covered": 100.0, "percent_covered_display": "100", "missing_lines": 0, "excluded_lines": 0, "percent_statements_covered": 100.0, "percent_statements_covered_display": "100"}, "missing_lines": [], "excluded_lines": []}, "ConfigManager.config": {"executed_lines": [314], "summary": {"covered_lines": 1, "num_statements": 1, "percent_covered": 100.0, "percent_covered_display": "100", "missing_lines": 0, "excluded_lines": 0, "percent_statements_covered": 100.0, "percent_statements_covered_display": "100"}, "missing_lines": [], "excluded_lines": []}, "ConfigManager.get_value": {"executed_lines": [331, 332, 334, 335, 336, 338, 340], "summary": {"covered_lines": 7, "num_statements": 7, "percent_covered": 100.0, "percent_covered_display": "100", "missing_lines": 0, "excluded_lines": 0, "percent_statements_covered": 100.0, "percent_statements_covered_display": "100"}, "missing_lines": [], "excluded_lines": []}, "ConfigManager.set_value": {"executed_lines": [355, 356, 358, 359, 360, 361, 363, 364, 367], "summary": {"covered_lines": 9, "num_statements": 9, "percent_covered": 100.0, "percent_covered_display": "100", "missing_lines": 0, "excluded_lines": 0, "percent_statements_covered": 100.0, "percent_statements_covered_display": "100"}, "missing_lines": [], "excluded_lines": []}, "ConfigManager.save_user_config": {"executed_lines": [378, 379, 380, 381, 382, 385, 386, 387, 388, 389, 390, 391], "summary": {"covered_lines": 12, "num_statements": 12, "percent_covered": 100.0, "percent_covered_display": "100", "missing_lines": 0, "excluded_lines": 0, "percent_statements_covered": 100.0, "percent_statements_covered_display": "100"}, "missing_lines": [], "excluded_lines": []}, "ConfigManager.reset_to_defaults": {"executed_lines": [395, 396, 397], "summary": {"covered_lines": 3, "num_statements": 3, "percent_covered": 100.0, "percent_covered_display": "100", "missing_lines": 0, "excluded_lines": 0, "percent_statements_covered": 100.0, "percent_statements_covered_display": "100"}, "missing_lines": [], "excluded_lines": []}, "get_config_manager": {"executed_lines": [416, 417, 418], "summary": {"covered_lines": 3, "num_statements": 3, "percent_covered": 100.0, "percent_covered_display": "100", "missing_lines": 0, "excluded_lines": 0, "percent_statements_covered": 100.0, "percent_statements_covered_display": "100"}, "missing_lines": [], "excluded_lines": []}, "get_config": {"executed_lines": [433], "summary": {"covered_lines": 1, "num_statements": 1, "percent_covered": 100.0, "percent_covered_display": "100", "missing_lines": 0, "excluded_lines": 0, "percent_statements_covered": 100.0, "percent_statements_covered_display": "100"}, "missing_lines": [], "excluded_lines": []}, "": {"executed_lines": [1, 12, 13, 14, 15, 16, 17, 19, 23, 24, 25, 28, 29, 30, 32, 33, 34, 35, 36, 37, 40, 41, 42, 44, 45, 46, 47, 48, 49, 52, 53, 54, 56, 57, 58, 59, 62, 63, 64, 66, 67, 68, 69, 70, 72, 73, 74, 75, 76, 77, 78, 79, 82, 83, 84, 86, 87, 88, 89, 90, 91, 92, 93, 95, 96, 97, 98, 99, 102, 103, 104, 106, 107, 108, 109, 112, 113, 114, 116, 117, 118, 119, 120, 123, 124, 125, 127, 128, 129, 130, 131, 132, 133, 136, 137, 138, 140, 141, 142, 143, 144, 145, 146, 147, 150, 151, 161, 185, 230, 249, 290, 311, 312, 316, 342, 369, 393, 401, 404, 421, 436], "summary": {"covered_lines": 110, "num_statements": 121, "percent_covered": 90.9090909090909, "percent_covered_display": "91", "missing_lines": 11, "excluded_lines": 0, "percent_statements_covered": 90.9090909090909, "percent_statements_covered_display": "91"}, "missing_lines": [438, 440, 442, 443, 444, 445, 446, 449, 450, 453, 454], "excluded_lines": []}}, "classes": {"DetectionConfig": {"executed_lines": [], "summary": {"covered_lines": 0, "num_statements": 0, "percent_covered": 100.0, "percent_covered_display": "100", "missing_lines": 0, "excluded_lines": 0, "percent_statements_covered": 100.0, "percent_statements_covered_display": "100"}, "missing_lines": [], "excluded_lines": []}, "ClassificationConfig": {"executed_lines": [], "summary": {"covered_lines": 0, "num_statements": 0, "percent_covered": 100.0, "percent_covered_display": "100", "missing_lines": 0, "excluded_lines": 0, "percent_statements_covered": 100.0, "percent_statements_covered_display": "100"}, "missing_lines": [], "excluded_lines": []}, "ProcessingConfig": {"executed_lines": [], "summary": {"covered_lines": 0, "num_statements": 0, "percent_covered": 100.0, "percent_covered_display": "100", "missing_lines": 0, "excluded_lines": 0, "percent_statements_covered": 100.0, "percent_statements_covered_display": "100"}, "missing_lines": [], "excluded_lines": []}, "CroppingConfig": {"executed_lines": [], "summary": {"covered_lines": 0, "num_statements": 0, "percent_covered": 100.0, "percent_covered_display": "100", "missing_lines": 0, "excluded_lines": 0, "percent_statements_covered": 100.0, "percent_statements_covered_display": "100"}, "missing_lines": [], "excluded_lines": []}, "OutputConfig": {"executed_lines": [], "summary": {"covered_lines": 0, "num_statements": 0, "percent_covered": 100.0, "percent_covered_display": "100", "missing_lines": 0, "excluded_lines": 0, "percent_statements_covered": 100.0, "percent_statements_covered_display": "100"}, "missing_lines": [], "excluded_lines": []}, "CSVExportConfig": {"executed_lines": [], "summary": {"covered_lines": 0, "num_statements": 0, "percent_covered": 100.0, "percent_covered_display": "100", "missing_lines": 0, "excluded_lines": 0, "percent_statements_covered": 100.0, "percent_statements_covered_display": "100"}, "missing_lines": [], "excluded_lines": []}, "LoggingConfig": {"executed_lines": [], "summary": {"covered_lines": 0, "num_statements": 0, "percent_covered": 100.0, "percent_covered_display": "100", "missing_lines": 0, "excluded_lines": 0, "percent_statements_covered": 100.0, "percent_statements_covered_display": "100"}, "missing_lines": [], "excluded_lines": []}, "GUIConfig": {"executed_lines": [], "summary": {"covered_lines": 0, "num_statements": 0, "percent_covered": 100.0, "percent_covered_display": "100", "missing_lines": 0, "excluded_lines": 0, "percent_statements_covered": 100.0, "percent_statements_covered_display": "100"}, "missing_lines": [], "excluded_lines": []}, "AppConfig": {"executed_lines": [], "summary": {"covered_lines": 0, "num_statements": 0, "percent_covered": 100.0, "percent_covered_display": "100", "missing_lines": 0, "excluded_lines": 0, "percent_statements_covered": 100.0, "percent_statements_covered_display": "100"}, "missing_lines": [], "excluded_lines": []}, "ConfigManager": {"executed_lines": [177, 178, 179, 180, 183, 194, 195, 199, 200, 201, 202, 203, 204, 207, 208, 209, 210, 211, 212, 213, 214, 215, 216, 219, 222, 225, 228, 241, 242, 243, 244, 246, 247, 262, 263, 264, 265, 268, 271, 272, 273, 275, 278, 279, 281, 282, 284, 286, 288, 300, 314, 331, 332, 334, 335, 336, 338, 340, 355, 356, 358, 359, 360, 361, 363, 364, 367, 378, 379, 380, 381, 382, 385, 386, 387, 388, 389, 390, 391, 395, 396, 397], "summary": {"covered_lines": 82, "num_statements": 83, "percent_covered": 98.79518072289157, "percent_covered_display": "99", "missing_lines": 1, "excluded_lines": 0, "percent_statements_covered": 98.79518072289157, "percent_statements_covered_display": "99"}, "missing_lines": [274], "excluded_lines": []}, "": {"executed_lines": [1, 12, 13, 14, 15, 16, 17, 19, 23, 24, 25, 28, 29, 30, 32, 33, 34, 35, 36, 37, 40, 41, 42, 44, 45, 46, 47, 48, 49, 52, 53, 54, 56, 57, 58, 59, 62, 63, 64, 66, 67, 68, 69, 70, 72, 73, 74, 75, 76, 77, 78, 79, 82, 83, 84, 86, 87, 88, 89, 90, 91, 92, 93, 95, 96, 97, 98, 99, 102, 103, 104, 106, 107, 108, 109, 112, 113, 114, 116, 117, 118, 119, 120, 123, 124, 125, 127, 128, 129, 130, 131, 132, 133, 136, 137, 138, 140, 141, 142, 143, 144, 145, 146, 147, 150, 151, 161, 185, 230, 249, 290, 311, 312, 316, 342, 369, 393, 401, 404, 416, 417, 418, 421, 433, 436], "summary": {"covered_lines": 114, "num_statements": 125, "percent_covered": 91.2, "percent_covered_display": "91", "missing_lines": 11, "excluded_lines": 0, "percent_statements_covered": 91.2, "percent_statements_covered_display": "91"}, "missing_lines": [438, 440, 442, 443, 444, 445, 446, 449, 450, 453, 454], "excluded_lines": []}}}, "core/__init__.py": {"executed_lines": [1, 3, 9, 10, 11, 13], "summary": {"covered_lines": 5, "num_statements": 5, "percent_covered": 100.0, "percent_covered_display": "100", "missing_lines": 0, "excluded_lines": 0, "percent_statements_covered": 100.0, "percent_statements_covered_display": "100"}, "missing_lines": [], "excluded_lines": [], "functions": {"": {"executed_lines": [1, 3, 9, 10, 11, 13], "summary": {"covered_lines": 5, "num_statements": 5, "percent_covered": 100.0, "percent_covered_display": "100", "missing_lines": 0, "excluded_lines": 0, "percent_statements_covered": 100.0, "percent_statements_covered_display": "100"}, "missing_lines": [], "excluded_lines": []}}, "classes": {"": {"executed_lines": [1, 3, 9, 10, 11, 13], "summary": {"covered_lines": 5, "num_statements": 5, "percent_covered": 100.0, "percent_covered_display": "100", "missing_lines": 0, "excluded_lines": 0, "percent_statements_covered": 100.0, "percent_statements_covered_display": "100"}, "missing_lines": [], "excluded_lines": []}}}, "core/batch_processor.py": {"executed_lines": [1, 8, 9, 10, 11, 12, 14, 16, 17, 18, 19, 20, 21, 23, 26, 27, 29, 32, 33, 34, 47, 48, 49, 50, 51, 52, 53, 55, 57, 58, 61, 62, 63, 79, 80, 81, 82, 83, 84, 85, 86, 87, 88, 90, 92, 93, 94, 96, 98, 100, 102, 103, 104, 105, 106, 107, 109, 111, 127, 128, 148, 178, 180, 181, 183, 184, 186, 187, 188, 189, 192, 193, 194, 197, 199, 203, 204, 210, 212, 213, 220, 222, 223, 227, 229, 236, 257, 258, 259, 261, 264, 265, 267, 268, 269, 270, 272, 274, 276, 277, 278, 280, 282, 284, 297, 300, 301, 302, 304, 306, 307, 308, 309, 311, 313, 318, 319, 320, 321, 323, 324, 325, 329, 330, 331, 335, 336, 337, 338, 339, 341, 342, 347, 348, 349, 350, 351, 354, 355, 363, 364, 365, 366, 372, 373, 374, 375, 378, 388, 390, 409, 412, 415, 416, 418, 428, 429, 430, 433, 434, 435, 436, 437, 438, 441, 442, 443, 444, 447, 448, 449, 450, 451, 456, 457, 464, 465, 466, 467, 469, 471, 478, 480, 481, 483, 486, 488, 490, 498], "summary": {"covered_lines": 184, "num_statements": 238, "percent_covered": 77.3109243697479, "percent_covered_display": "77", "missing_lines": 54, "excluded_lines": 0, "percent_statements_covered": 77.3109243697479, "percent_statements_covered_display": "77"}, "missing_lines": [484, 499, 500, 501, 502, 505, 506, 508, 510, 513, 514, 515, 516, 517, 520, 521, 523, 524, 525, 527, 530, 540, 541, 542, 549, 551, 561, 564, 565, 568, 569, 570, 571, 572, 573, 574, 575, 576, 578, 579, 580, 581, 584, 585, 586, 587, 590, 591, 592, 593, 594, 595, 596, 598], "excluded_lines": [], "functions": {"BatchConfig.__post_init__": {"executed_lines": [57, 58], "summary": {"covered_lines": 2, "num_statements": 2, "percent_covered": 100.0, "percent_covered_display": "100", "missing_lines": 0, "excluded_lines": 0, "percent_statements_covered": 100.0, "percent_statements_covered_display": "100"}, "missing_lines": [], "excluded_lines": []}, "BatchProgress.get_progress_percent": {"executed_lines": [92, 93, 94], "summary": {"covered_lines": 3, "num_statements": 3, "percent_covered": 100.0, "percent_covered_display": "100", "missing_lines": 0, "excluded_lines": 0, "percent_statements_covered": 100.0, "percent_statements_covered_display": "100"}, "missing_lines": [], "excluded_lines": []}, "BatchProgress.get_elapsed_time": {"executed_lines": [98], "summary": {"covered_lines": 1, "num_statements": 1, "percent_covered": 100.0, "percent_covered_display": "100", "missing_lines": 0, "excluded_lines": 0, "percent_statements_covered": 100.0, "percent_statements_covered_display": "100"}, "missing_lines": [], "excluded_lines": []}, "BatchProgress.get_estimated_remaining": {"executed_lines": [102, 103, 104, 105, 106, 107], "summary": {"covered_lines": 6, "num_statements": 6, "percent_covered": 100.0, "percent_covered_display": "100", "missing_lines": 0, "excluded_lines": 0, "percent_statements_covered": 100.0, "percent_statements_covered_display": "100"}, "missing_lines": [], "excluded_lines": []}, "BatchProgress.to_dict": {"executed_lines": [111], "summary": {"covered_lines": 1, "num_statements": 1, "percent_covered": 100.0, "percent_covered_display": "100", "missing_lines": 0, "excluded_lines": 0, "percent_statements_covered": 100.0, "percent_statements_covered_display": "100"}, "missing_lines": [], "excluded_lines": []}, "BatchProcessor.__init__": {"executed_lines": [178, 180, 181, 183, 184, 186, 187, 188, 189, 192, 193, 194, 197, 199, 203, 204, 210, 212, 213, 220, 222, 223, 227, 229], "summary": {"covered_lines": 24, "num_statements": 24, "percent_covered": 100.0, "percent_covered_display": "100", "missing_lines": 0, "excluded_lines": 0, "percent_statements_covered": 100.0, "percent_statements_covered_display": "100"}, "missing_lines": [], "excluded_lines": []}, "BatchProcessor.process_directory": {"executed_lines": [257, 258, 259, 261, 264, 265, 267, 268, 269, 270, 272, 274, 276, 277, 278, 280, 282], "summary": {"covered_lines": 17, "num_statements": 17, "percent_covered": 100.0, "percent_covered_display": "100", "missing_lines": 0, "excluded_lines": 0, "percent_statements_covered": 100.0, "percent_statements_covered_display": "100"}, "missing_lines": [], "excluded_lines": []}, "BatchProcessor.process_images": {"executed_lines": [297, 300, 301, 302, 304, 306, 307, 308, 309, 311, 313, 318, 319, 320, 321, 323, 324, 325, 329, 330, 331, 335, 336, 337, 338, 339, 341, 342, 347, 348, 349, 350, 351, 354, 355, 363, 364, 365, 366, 372, 373, 374, 375, 378, 388], "summary": {"covered_lines": 45, "num_statements": 45, "percent_covered": 100.0, "percent_covered_display": "100", "missing_lines": 0, "excluded_lines": 0, "percent_statements_covered": 100.0, "percent_statements_covered_display": "100"}, "missing_lines": [], "excluded_lines": []}, "BatchProcessor._process_single_image": {"executed_lines": [409, 412, 415, 416, 418, 428, 429, 430, 433, 434, 435, 436, 437, 438, 441, 442, 443, 444, 447, 448, 449, 450, 451, 456, 457, 464, 465, 466, 467, 469], "summary": {"covered_lines": 30, "num_statements": 30, "percent_covered": 100.0, "percent_covered_display": "100", "missing_lines": 0, "excluded_lines": 0, "percent_statements_covered": 100.0, "percent_statements_covered_display": "100"}, "missing_lines": [], "excluded_lines": []}, "BatchProcessor.get_statistics": {"executed_lines": [478, 480, 481, 483, 486], "summary": {"covered_lines": 5, "num_statements": 6, "percent_covered": 83.33333333333333, "percent_covered_display": "83", "missing_lines": 1, "excluded_lines": 0, "percent_statements_covered": 83.33333333333333, "percent_statements_covered_display": "83"}, "missing_lines": [484], "excluded_lines": []}, "BatchProcessor.__repr__": {"executed_lines": [490], "summary": {"covered_lines": 1, "num_statements": 1, "percent_covered": 100.0, "percent_covered_display": "100", "missing_lines": 0, "excluded_lines": 0, "percent_statements_covered": 100.0, "percent_statements_covered_display": "100"}, "missing_lines": [], "excluded_lines": []}, "progress_callback": {"executed_lines": [], "summary": {"covered_lines": 0, "num_statements": 2, "percent_covered": 0.0, "percent_covered_display": "0", "missing_lines": 2, "excluded_lines": 0, "percent_statements_covered": 0.0, "percent_statements_covered_display": "0"}, "missing_lines": [541, 542], "excluded_lines": []}, "": {"executed_lines": [1, 8, 9, 10, 11, 12, 14, 16, 17, 18, 19, 20, 21, 23, 26, 27, 29, 32, 33, 34, 47, 48, 49, 50, 51, 52, 53, 55, 61, 62, 63, 79, 80, 81, 82, 83, 84, 85, 86, 87, 88, 90, 96, 100, 109, 127, 128, 148, 236, 284, 390, 471, 488, 498], "summary": {"covered_lines": 49, "num_statements": 100, "percent_covered": 49.0, "percent_covered_display": "49", "missing_lines": 51, "excluded_lines": 0, "percent_statements_covered": 49.0, "percent_statements_covered_display": "49"}, "missing_lines": [499, 500, 501, 502, 505, 506, 508, 510, 513, 514, 515, 516, 517, 520, 521, 523, 524, 525, 527, 530, 540, 549, 551, 561, 564, 565, 568, 569, 570, 571, 572, 573, 574, 575, 576, 578, 579, 580, 581, 584, 585, 586, 587, 590, 591, 592, 593, 594, 595, 596, 598], "excluded_lines": []}}, "classes": {"BatchProcessingError": {"executed_lines": [], "summary": {"covered_lines": 0, "num_statements": 0, "percent_covered": 100.0, "percent_covered_display": "100", "missing_lines": 0, "excluded_lines": 0, "percent_statements_covered": 100.0, "percent_statements_covered_display": "100"}, "missing_lines": [], "excluded_lines": []}, "BatchConfig": {"executed_lines": [57, 58], "summary": {"covered_lines": 2, "num_statements": 2, "percent_covered": 100.0, "percent_covered_display": "100", "missing_lines": 0, "excluded_lines": 0, "percent_statements_covered": 100.0, "percent_statements_covered_display": "100"}, "missing_lines": [], "excluded_lines": []}, "BatchProgress": {"executed_lines": [92, 93, 94, 98, 102, 103, 104, 105, 106, 107, 111], "summary": {"covered_lines": 11, "num_statements": 11, "percent_covered": 100.0, "percent_covered_display": "100", "missing_lines": 0, "excluded_lines": 0, "percent_statements_covered": 100.0, "percent_statements_covered_display": "100"}, "missing_lines": [], "excluded_lines": []}, "BatchProcessor": {"executed_lines": [178, 180, 181, 183, 184, 186, 187, 188, 189, 192, 193, 194, 197, 199, 203, 204, 210, 212, 213, 220, 222, 223, 227, 229, 257, 258, 259, 261, 264, 265, 267, 268, 269, 270, 272, 274, 276, 277, 278, 280, 282, 297, 300, 301, 302, 304, 306, 307, 308, 309, 311, 313, 318, 319, 320, 321, 323, 324, 325, 329, 330, 331, 335, 336, 337, 338, 339, 341, 342, 347, 348, 349, 350, 351, 354, 355, 363, 364, 365, 366, 372, 373, 374, 375, 378, 388, 409, 412, 415, 416, 418, 428, 429, 430, 433, 434, 435, 436, 437, 438, 441, 442, 443, 444, 447, 448, 449, 450, 451, 456, 457, 464, 465, 466, 467, 469, 478, 480, 481, 483, 486, 490], "summary": {"covered_lines": 122, "num_statements": 123, "percent_covered": 99.1869918699187, "percent_covered_display": "99", "missing_lines": 1, "excluded_lines": 0, "percent_statements_covered": 99.1869918699187, "percent_statements_covered_display": "99"}, "missing_lines": [484], "excluded_lines": []}, "": {"executed_lines": [1, 8, 9, 10, 11, 12, 14, 16, 17, 18, 19, 20, 21, 23, 26, 27, 29, 32, 33, 34, 47, 48, 49, 50, 51, 52, 53, 55, 61, 62, 63, 79, 80, 81, 82, 83, 84, 85, 86, 87, 88, 90, 96, 100, 109, 127, 128, 148, 236, 284, 390, 471, 488, 498], "summary": {"covered_lines": 49, "num_statements": 102, "percent_covered": 48.03921568627451, "percent_covered_display": "48", "missing_lines": 53, "excluded_lines": 0, "percent_statements_covered": 48.03921568627451, "percent_statements_covered_display": "48"}, "missing_lines": [499, 500, 501, 502, 505, 506, 508, 510, 513, 514, 515, 516, 517, 520, 521, 523, 524, 525, 527, 530, 540, 541, 542, 549, 551, 561, 564, 565, 568, 569, 570, 571, 572, 573, 574, 575, 576, 578, 579, 580, 581, 584, 585, 586, 587, 590, 591, 592, 593, 594, 595, 596, 598], "excluded_lines": []}}}, "core/classification_engine.py": {"executed_lines": [1, 9, 10, 11, 12, 13, 15, 16, 17, 18, 19, 20, 21, 23, 24, 25, 26, 28, 31, 32, 34, 37, 38, 39, 55, 56, 57, 58, 59, 60, 61, 62, 63, 64, 66, 68, 69, 70, 71, 74, 75, 76, 90, 91, 92, 93, 94, 95, 96, 97, 99, 101, 102, 105, 106, 113, 124, 125, 127, 129, 130, 131, 133, 134, 135, 138, 139, 151, 152, 154, 159, 160, 161, 162, 163, 164, 166, 176, 178, 188, 189, 191, 192, 193, 195, 196, 198, 200, 202, 204, 206, 208, 214, 215, 229, 249, 251, 253, 254, 257, 260, 263, 264, 266, 267, 269, 275, 281, 282, 285, 290, 293, 294, 295, 298, 309, 311, 312, 313, 317, 335, 336, 337, 339, 344, 346, 347, 348, 351, 352, 353, 355, 366, 367, 372, 373, 375, 380, 396, 397, 398, 400, 421, 423, 426, 429, 430, 432, 434, 435, 437, 438, 439, 440, 445, 446, 448, 452, 469, 470, 472, 473, 486, 504, 505, 510, 512, 514, 515, 516, 517, 518, 519, 522, 524, 525, 527, 529, 539, 541, 543, 545, 547, 554], "summary": {"covered_lines": 178, "num_statements": 214, "percent_covered": 83.17757009345794, "percent_covered_display": "83", "missing_lines": 36, "excluded_lines": 0, "percent_statements_covered": 83.17757009345794, "percent_statements_covered_display": "83"}, "missing_lines": [555, 556, 557, 560, 561, 563, 565, 568, 569, 571, 572, 575, 576, 577, 578, 579, 580, 582, 585, 586, 591, 594, 596, 604, 606, 607, 609, 611, 612, 613, 614, 615, 616, 617, 619, 621], "excluded_lines": [], "functions": {"SpeciesInfo.__post_init__": {"executed_lines": [68, 69, 70, 71], "summary": {"covered_lines": 4, "num_statements": 4, "percent_covered": 100.0, "percent_covered_display": "100", "missing_lines": 0, "excluded_lines": 0, "percent_statements_covered": 100.0, "percent_statements_covered_display": "100"}, "missing_lines": [], "excluded_lines": []}, "ClassificationResult.__post_init__": {"executed_lines": [101, 102], "summary": {"covered_lines": 2, "num_statements": 2, "percent_covered": 100.0, "percent_covered_display": "100", "missing_lines": 0, "excluded_lines": 0, "percent_statements_covered": 100.0, "percent_statements_covered_display": "100"}, "missing_lines": [], "excluded_lines": []}, "SpeciesDatabase.__init__": {"executed_lines": [124, 125, 127, 129, 130, 131, 133, 134, 135, 138, 139, 151, 152, 154, 159, 160, 161, 162, 163, 164], "summary": {"covered_lines": 20, "num_statements": 20, "percent_covered": 100.0, "percent_covered_display": "100", "missing_lines": 0, "excluded_lines": 0, "percent_statements_covered": 100.0, "percent_statements_covered_display": "100"}, "missing_lines": [], "excluded_lines": []}, "SpeciesDatabase.get_species": {"executed_lines": [176], "summary": {"covered_lines": 1, "num_statements": 1, "percent_covered": 100.0, "percent_covered_display": "100", "missing_lines": 0, "excluded_lines": 0, "percent_statements_covered": 100.0, "percent_statements_covered_display": "100"}, "missing_lines": [], "excluded_lines": []}, "SpeciesDatabase.find_by_yolo_class": {"executed_lines": [188, 189, 191, 192, 193, 195, 196], "summary": {"covered_lines": 7, "num_statements": 7, "percent_covered": 100.0, "percent_covered_display": "100", "missing_lines": 0, "excluded_lines": 0, "percent_statements_covered": 100.0, "percent_statements_covered_display": "100"}, "missing_lines": [], "excluded_lines": []}, "SpeciesDatabase.get_all_species": {"executed_lines": [200], "summary": {"covered_lines": 1, "num_statements": 1, "percent_covered": 100.0, "percent_covered_display": "100", "missing_lines": 0, "excluded_lines": 0, "percent_statements_covered": 100.0, "percent_statements_covered_display": "100"}, "missing_lines": [], "excluded_lines": []}, "SpeciesDatabase.__len__": {"executed_lines": [204], "summary": {"covered_lines": 1, "num_statements": 1, "percent_covered": 100.0, "percent_covered_display": "100", "missing_lines": 0, "excluded_lines": 0, "percent_statements_covered": 100.0, "percent_statements_covered_display": "100"}, "missing_lines": [], "excluded_lines": []}, "SpeciesDatabase.__repr__": {"executed_lines": [208], "summary": {"covered_lines": 1, "num_statements": 1, "percent_covered": 100.0, "percent_covered_display": "100", "missing_lines": 0, "excluded_lines": 0, "percent_statements_covered": 100.0, "percent_statements_covered_display": "100"}, "missing_lines": [], "excluded_lines": []}, "ClassificationEngine.__init__": {"executed_lines": [249, 251, 253, 254, 257, 260, 263, 264, 266, 267, 269], "summary": {"covered_lines": 11, "num_statements": 11, "percent_covered": 100.0, "percent_covered_display": "100", "missing_lines": 0, "excluded_lines": 0, "percent_statements_covered": 100.0, "percent_statements_covered_display": "100"}, "missing_lines": [], "excluded_lines": []}, "ClassificationEngine._initialize_feature_classifier": {"executed_lines": [281, 282, 285, 290, 293, 294, 295, 298, 309, 311, 312, 313], "summary": {"covered_lines": 12, "num_statements": 12, "percent_covered": 100.0, "percent_covered_display": "100", "missing_lines": 0, "excluded_lines": 0, "percent_statements_covered": 100.0, "percent_statements_covered_display": "100"}, "missing_lines": [], "excluded_lines": []}, "ClassificationEngine.classify_detection": {"executed_lines": [335, 336, 337, 339, 344, 346, 347, 348, 351, 352, 353, 355, 366, 367, 372, 373, 375, 380, 396, 397, 398], "summary": {"covered_lines": 21, "num_statements": 21, "percent_covered": 100.0, "percent_covered_display": "100", "missing_lines": 0, "excluded_lines": 0, "percent_statements_covered": 100.0, "percent_statements_covered_display": "100"}, "missing_lines": [], "excluded_lines": []}, "ClassificationEngine._classify_by_features": {"executed_lines": [421, 423, 426, 429, 430, 432, 434, 435, 437, 438, 439, 440, 445, 446, 448, 452, 469, 470, 472, 473], "summary": {"covered_lines": 20, "num_statements": 20, "percent_covered": 100.0, "percent_covered_display": "100", "missing_lines": 0, "excluded_lines": 0, "percent_statements_covered": 100.0, "percent_statements_covered_display": "100"}, "missing_lines": [], "excluded_lines": []}, "ClassificationEngine.classify_batch": {"executed_lines": [504, 505, 510, 512, 514, 515, 516, 517, 518, 519, 522, 524, 525, 527], "summary": {"covered_lines": 14, "num_statements": 14, "percent_covered": 100.0, "percent_covered_display": "100", "missing_lines": 0, "excluded_lines": 0, "percent_statements_covered": 100.0, "percent_statements_covered_display": "100"}, "missing_lines": [], "excluded_lines": []}, "ClassificationEngine.get_species_info": {"executed_lines": [539], "summary": {"covered_lines": 1, "num_statements": 1, "percent_covered": 100.0, "percent_covered_display": "100", "missing_lines": 0, "excluded_lines": 0, "percent_statements_covered": 100.0, "percent_statements_covered_display": "100"}, "missing_lines": [], "excluded_lines": []}, "ClassificationEngine.get_all_species": {"executed_lines": [543], "summary": {"covered_lines": 1, "num_statements": 1, "percent_covered": 100.0, "percent_covered_display": "100", "missing_lines": 0, "excluded_lines": 0, "percent_statements_covered": 100.0, "percent_statements_covered_display": "100"}, "missing_lines": [], "excluded_lines": []}, "ClassificationEngine.__repr__": {"executed_lines": [547], "summary": {"covered_lines": 1, "num_statements": 1, "percent_covered": 100.0, "percent_covered_display": "100", "missing_lines": 0, "excluded_lines": 0, "percent_statements_covered": 100.0, "percent_statements_covered_display": "100"}, "missing_lines": [], "excluded_lines": []}, "": {"executed_lines": [1, 9, 10, 11, 12, 13, 15, 16, 17, 18, 19, 20, 21, 23, 24, 25, 26, 28, 31, 32, 34, 37, 38, 39, 55, 56, 57, 58, 59, 60, 61, 62, 63, 64, 66, 74, 75, 76, 90, 91, 92, 93, 94, 95, 96, 97, 99, 105, 106, 113, 166, 178, 198, 202, 206, 214, 215, 229, 275, 317, 400, 486, 529, 541, 545, 554], "summary": {"covered_lines": 60, "num_statements": 96, "percent_covered": 62.5, "percent_covered_display": "62", "missing_lines": 36, "excluded_lines": 0, "percent_statements_covered": 62.5, "percent_statements_covered_display": "62"}, "missing_lines": [555, 556, 557, 560, 561, 563, 565, 568, 569, 571, 572, 575, 576, 577, 578, 579, 580, 582, 585, 586, 591, 594, 596, 604, 606, 607, 609, 611, 612, 613, 614, 615, 616, 617, 619, 621], "excluded_lines": []}}, "classes": {"ClassificationError": {"executed_lines": [], "summary": {"covered_lines": 0, "num_statements": 0, "percent_covered": 100.0, "percent_covered_display": "100", "missing_lines": 0, "excluded_lines": 0, "percent_statements_covered": 100.0, "percent_statements_covered_display": "100"}, "missing_lines": [], "excluded_lines": []}, "SpeciesInfo": {"executed_lines": [68, 69, 70, 71], "summary": {"covered_lines": 4, "num_statements": 4, "percent_covered": 100.0, "percent_covered_display": "100", "missing_lines": 0, "excluded_lines": 0, "percent_statements_covered": 100.0, "percent_statements_covered_display": "100"}, "missing_lines": [], "excluded_lines": []}, "ClassificationResult": {"executed_lines": [101, 102], "summary": {"covered_lines": 2, "num_statements": 2, "percent_covered": 100.0, "percent_covered_display": "100", "missing_lines": 0, "excluded_lines": 0, "percent_statements_covered": 100.0, "percent_statements_covered_display": "100"}, "missing_lines": [], "excluded_lines": []}, "SpeciesDatabase": {"executed_lines": [124, 125, 127, 129, 130, 131, 133, 134, 135, 138, 139, 151, 152, 154, 159, 160, 161, 162, 163, 164, 176, 188, 189, 191, 192, 193, 195, 196, 200, 204, 208], "summary": {"covered_lines": 31, "num_statements": 31, "percent_covered": 100.0, "percent_covered_display": "100", "missing_lines": 0, "excluded_lines": 0, "percent_statements_covered": 100.0, "percent_statements_covered_display": "100"}, "missing_lines": [], "excluded_lines": []}, "ClassificationEngine": {"executed_lines": [249, 251, 253, 254, 257, 260, 263, 264, 266, 267, 269, 281, 282, 285, 290, 293, 294, 295, 298, 309, 311, 312, 313, 335, 336, 337, 339, 344, 346, 347, 348, 351, 352, 353, 355, 366, 367, 372, 373, 375, 380, 396, 397, 398, 421, 423, 426, 429, 430, 432, 434, 435, 437, 438, 439, 440, 445, 446, 448, 452, 469, 470, 472, 473, 504, 505, 510, 512, 514, 515, 516, 517, 518, 519, 522, 524, 525, 527, 539, 543, 547], "summary": {"covered_lines": 81, "num_statements": 81, "percent_covered": 100.0, "percent_covered_display": "100", "missing_lines": 0, "excluded_lines": 0, "percent_statements_covered": 100.0, "percent_statements_covered_display": "100"}, "missing_lines": [], "excluded_lines": []}, "": {"executed_lines": [1, 9, 10, 11, 12, 13, 15, 16, 17, 18, 19, 20, 21, 23, 24, 25, 26, 28, 31, 32, 34, 37, 38, 39, 55, 56, 57, 58, 59, 60, 61, 62, 63, 64, 66, 74, 75, 76, 90, 91, 92, 93, 94, 95, 96, 97, 99, 105, 106, 113, 166, 178, 198, 202, 206, 214, 215, 229, 275, 317, 400, 486, 529, 541, 545, 554], "summary": {"covered_lines": 60, "num_statements": 96, "percent_covered": 62.5, "percent_covered_display": "62", "missing_lines": 36, "excluded_lines": 0, "percent_statements_covered": 62.5, "percent_statements_covered_display": "62"}, "missing_lines": [555, 556, 557, 560, 561, 563, 565, 568, 569, 571, 572, 575, 576, 577, 578, 579, 580, 582, 585, 586, 591, 594, 596, 604, 606, 607, 609, 611, 612, 613, 614, 615, 616, 617, 619, 621], "excluded_lines": []}}}, "core/cropping_engine.py": {"executed_lines": [1, 8, 9, 10, 11, 12, 13, 15, 16, 18, 19, 20, 21, 26, 29, 30, 32, 35, 36, 37, 50, 51, 52, 53, 54, 55, 56, 58, 60, 62, 63, 64, 65, 67, 68, 71, 72, 76, 77, 80, 81, 82, 95, 96, 97, 98, 99, 100, 101, 103, 105, 107, 118, 120, 121, 122, 123, 125, 128, 129, 140, 160, 162, 163, 165, 166, 167, 170, 177, 183, 207, 208, 213, 221, 224, 225, 226, 227, 228, 229, 232, 246, 247, 248, 249, 250, 252, 253, 255, 257, 258, 259, 260, 261, 263, 287, 288, 293, 294, 299, 300, 304, 306, 308, 309, 311, 314, 316, 318, 319, 320, 321, 322, 323, 324, 326, 328, 329, 331, 333, 335, 345, 348, 349, 350, 351, 354, 355, 356, 357, 360, 364, 365, 367, 369, 396, 399, 400, 401, 404, 405, 406, 407, 409, 410, 413, 416, 418, 419, 420, 421, 423, 424, 425, 428, 429, 430, 431, 434, 435, 436, 437, 438, 439, 441, 443, 454, 457, 460, 463, 465, 467, 474, 480, 485, 487, 493, 495, 497, 504], "summary": {"covered_lines": 175, "num_statements": 222, "percent_covered": 78.82882882882883, "percent_covered_display": "79", "missing_lines": 47, "excluded_lines": 0, "percent_statements_covered": 78.82882882882883, "percent_statements_covered_display": "79"}, "missing_lines": [361, 505, 506, 507, 508, 511, 512, 514, 516, 519, 520, 523, 525, 531, 538, 541, 544, 546, 550, 551, 554, 558, 559, 560, 561, 562, 563, 566, 568, 577, 578, 586, 587, 590, 591, 592, 594, 596, 597, 601, 604, 607, 608, 609, 610, 611, 613], "excluded_lines": [], "functions": {"CropConfig.__post_init__": {"executed_lines": [60, 62, 63, 64, 65, 67, 68, 71, 72, 76, 77], "summary": {"covered_lines": 11, "num_statements": 11, "percent_covered": 100.0, "percent_covered_display": "100", "missing_lines": 0, "excluded_lines": 0, "percent_statements_covered": 100.0, "percent_statements_covered_display": "100"}, "missing_lines": [], "excluded_lines": []}, "CropResult.get_dimensions": {"executed_lines": [105], "summary": {"covered_lines": 1, "num_statements": 1, "percent_covered": 100.0, "percent_covered_display": "100", "missing_lines": 0, "excluded_lines": 0, "percent_statements_covered": 100.0, "percent_statements_covered_display": "100"}, "missing_lines": [], "excluded_lines": []}, "CropResult.passes_quality_checks": {"executed_lines": [118, 120, 121, 122, 123, 125], "summary": {"covered_lines": 6, "num_statements": 6, "percent_covered": 100.0, "percent_covered_display": "100", "missing_lines": 0, "excluded_lines": 0, "percent_statements_covered": 100.0, "percent_statements_covered_display": "100"}, "missing_lines": [], "excluded_lines": []}, "CroppingEngine.__init__": {"executed_lines": [160, 162, 163, 165, 166, 167, 170, 177], "summary": {"covered_lines": 8, "num_statements": 8, "percent_covered": 100.0, "percent_covered_display": "100", "missing_lines": 0, "excluded_lines": 0, "percent_statements_covered": 100.0, "percent_statements_covered_display": "100"}, "missing_lines": [], "excluded_lines": []}, "CroppingEngine.crop_detection": {"executed_lines": [207, 208, 213, 221, 224, 225, 226, 227, 228, 229, 232, 246, 247, 248, 249, 250, 252, 253, 255, 257, 258, 259, 260, 261], "summary": {"covered_lines": 24, "num_statements": 24, "percent_covered": 100.0, "percent_covered_display": "100", "missing_lines": 0, "excluded_lines": 0, "percent_statements_covered": 100.0, "percent_statements_covered_display": "100"}, "missing_lines": [], "excluded_lines": []}, "CroppingEngine.crop_batch": {"executed_lines": [287, 288, 293, 294, 299, 300, 304, 306, 308, 309, 311, 314, 316, 318, 319, 320, 321, 322, 323, 324, 326, 328, 329, 331, 333], "summary": {"covered_lines": 25, "num_statements": 25, "percent_covered": 100.0, "percent_covered_display": "100", "missing_lines": 0, "excluded_lines": 0, "percent_statements_covered": 100.0, "percent_statements_covered_display": "100"}, "missing_lines": [], "excluded_lines": []}, "CroppingEngine._check_quality": {"executed_lines": [345, 348, 349, 350, 351, 354, 355, 356, 357, 360, 364, 365, 367], "summary": {"covered_lines": 13, "num_statements": 14, "percent_covered": 92.85714285714286, "percent_covered_display": "93", "missing_lines": 1, "excluded_lines": 0, "percent_statements_covered": 92.85714285714286, "percent_statements_covered_display": "93"}, "missing_lines": [361], "excluded_lines": []}, "CroppingEngine._generate_output_path": {"executed_lines": [396, 399, 400, 401, 404, 405, 406, 407, 409, 410, 413, 416, 418, 419, 420, 421, 423, 424, 425, 428, 429, 430, 431, 434, 435, 436, 437, 438, 439, 441], "summary": {"covered_lines": 30, "num_statements": 30, "percent_covered": 100.0, "percent_covered_display": "100", "missing_lines": 0, "excluded_lines": 0, "percent_statements_covered": 100.0, "percent_statements_covered_display": "100"}, "missing_lines": [], "excluded_lines": []}, "CroppingEngine._sanitize_filename": {"executed_lines": [454, 457, 460, 463, 465], "summary": {"covered_lines": 5, "num_statements": 5, "percent_covered": 100.0, "percent_covered_display": "100", "missing_lines": 0, "excluded_lines": 0, "percent_statements_covered": 100.0, "percent_statements_covered_display": "100"}, "missing_lines": [], "excluded_lines": []}, "CroppingEngine.get_statistics": {"executed_lines": [474, 480], "summary": {"covered_lines": 2, "num_statements": 2, "percent_covered": 100.0, "percent_covered_display": "100", "missing_lines": 0, "excluded_lines": 0, "percent_statements_covered": 100.0, "percent_statements_covered_display": "100"}, "missing_lines": [], "excluded_lines": []}, "CroppingEngine.reset_statistics": {"executed_lines": [487, 493], "summary": {"covered_lines": 2, "num_statements": 2, "percent_covered": 100.0, "percent_covered_display": "100", "missing_lines": 0, "excluded_lines": 0, "percent_statements_covered": 100.0, "percent_statements_covered_display": "100"}, "missing_lines": [], "excluded_lines": []}, "CroppingEngine.__repr__": {"executed_lines": [497], "summary": {"covered_lines": 1, "num_statements": 1, "percent_covered": 100.0, "percent_covered_display": "100", "missing_lines": 0, "excluded_lines": 0, "percent_statements_covered": 100.0, "percent_statements_covered_display": "100"}, "missing_lines": [], "excluded_lines": []}, "": {"executed_lines": [1, 8, 9, 10, 11, 12, 13, 15, 16, 18, 19, 20, 21, 26, 29, 30, 32, 35, 36, 37, 50, 51, 52, 53, 54, 55, 56, 58, 80, 81, 82, 95, 96, 97, 98, 99, 100, 101, 103, 107, 128, 129, 140, 183, 263, 335, 369, 443, 467, 485, 495, 504], "summary": {"covered_lines": 47, "num_statements": 93, "percent_covered": 50.53763440860215, "percent_covered_display": "51", "missing_lines": 46, "excluded_lines": 0, "percent_statements_covered": 50.53763440860215, "percent_statements_covered_display": "51"}, "missing_lines": [505, 506, 507, 508, 511, 512, 514, 516, 519, 520, 523, 525, 531, 538, 541, 544, 546, 550, 551, 554, 558, 559, 560, 561, 562, 563, 566, 568, 577, 578, 586, 587, 590, 591, 592, 594, 596, 597, 601, 604, 607, 608, 609, 610, 611, 613], "excluded_lines": []}}, "classes": {"CroppingError": {"executed_lines": [], "summary": {"covered_lines": 0, "num_statements": 0, "percent_covered": 100.0, "percent_covered_display": "100", "missing_lines": 0, "excluded_lines": 0, "percent_statements_covered": 100.0, "percent_statements_covered_display": "100"}, "missing_lines": [], "excluded_lines": []}, "CropConfig": {"executed_lines": [60, 62, 63, 64, 65, 67, 68, 71, 72, 76, 77], "summary": {"covered_lines": 11, "num_statements": 11, "percent_covered": 100.0, "percent_covered_display": "100", "missing_lines": 0, "excluded_lines": 0, "percent_statements_covered": 100.0, "percent_statements_covered_display": "100"}, "missing_lines": [], "excluded_lines": []}, "CropResult": {"executed_lines": [105, 118, 120, 121, 122, 123, 125], "summary": {"covered_lines": 7, "num_statements": 7, "percent_covered": 100.0, "percent_covered_display": "100", "missing_lines": 0, "excluded_lines": 0, "percent_statements_covered": 100.0, "percent_statements_covered_display": "100"}, "missing_lines": [], "excluded_lines": []}, "CroppingEngine": {"executed_lines": [160, 162, 163, 165, 166, 167, 170, 177, 207, 208, 213, 221, 224, 225, 226, 227, 228, 229, 232, 246, 247, 248, 249, 250, 252, 253, 255, 257, 258, 259, 260, 261, 287, 288, 293, 294, 299, 300, 304, 306, 308, 309, 311, 314, 316, 318, 319, 320, 321, 322, 323, 324, 326, 328, 329, 331, 333, 345, 348, 349, 350, 351, 354, 355, 356, 357, 360, 364, 365, 367, 396, 399, 400, 401, 404, 405, 406, 407, 409, 410, 413, 416, 418, 419, 420, 421, 423, 424, 425, 428, 429, 430, 431, 434, 435, 436, 437, 438, 439, 441, 454, 457, 460, 463, 465, 474, 480, 487, 493, 497], "summary": {"covered_lines": 110, "num_statements": 111, "percent_covered": 99.09909909909909, "percent_covered_display": "99", "missing_lines": 1, "excluded_lines": 0, "percent_statements_covered": 99.09909909909909, "percent_statements_covered_display": "99"}, "missing_lines": [361], "excluded_lines": []}, "": {"executed_lines": [1, 8, 9, 10, 11, 12, 13, 15, 16, 18, 19, 20, 21, 26, 29, 30, 32, 35, 36, 37, 50, 51, 52, 53, 54, 55, 56, 58, 80, 81, 82, 95, 96, 97, 98, 99, 100, 101, 103, 107, 128, 129, 140, 183, 263, 335, 369, 443, 467, 485, 495, 504], "summary": {"covered_lines": 47, "num_statements": 93, "percent_covered": 50.53763440860215, "percent_covered_display": "51", "missing_lines": 46, "excluded_lines": 0, "percent_statements_covered": 50.53763440860215, "percent_statements_covered_display": "51"}, "missing_lines": [505, 506, 507, 508, 511, 512, 514, 516, 519, 520, 523, 525, 531, 538, 541, 544, 546, 550, 551, 554, 558, 559, 560, 561, 562, 563, 566, 568, 577, 578, 586, 587, 590, 591, 592, 594, 596, 597, 601, 604, 607, 608, 609, 610, 611, 613], "excluded_lines": []}}}, "core/csv_exporter.py": {"executed_lines": [1, 8, 9, 10, 11, 12, 14, 16, 17, 18, 19, 20, 22, 25, 26, 28, 31, 32, 33, 45, 46, 47, 48, 49, 50, 52, 54, 55, 58, 59, 64, 65, 76, 92, 94, 95, 97, 100, 106, 108, 128, 129, 130, 133, 135, 136, 137, 138, 140, 141, 142, 145, 148, 149, 151, 160, 161, 163, 164, 166, 167, 168, 169, 171, 194, 195, 200, 201, 202, 207, 209, 212, 215, 216, 219, 221, 222, 223, 226, 229, 230, 232, 241, 242, 244, 245, 247, 248, 249, 250, 252, 272, 273, 274, 277, 279, 280, 281, 282, 283, 285, 286, 287, 290, 293, 294, 296, 305, 306, 308, 309, 311, 312, 313, 314, 316, 342, 343, 344, 347, 349, 353, 356, 358, 359, 363, 365, 368, 371, 372, 375, 376, 379, 380, 382, 391, 392, 394, 395, 397, 398, 399, 400, 402, 406, 415, 416, 417, 429, 431, 432, 442, 444, 451, 464, 465, 466, 475, 476, 479, 482, 483, 485, 487, 489, 491, 502, 503, 510, 511, 512, 514, 516, 524, 534, 535, 547, 558, 559, 560, 568, 571, 572, 573, 585, 586, 593, 595, 602, 619, 620, 629, 631, 633, 635, 637, 638, 640, 642, 649], "summary": {"covered_lines": 196, "num_statements": 241, "percent_covered": 81.32780082987551, "percent_covered_display": "81", "missing_lines": 45, "excluded_lines": 0, "percent_statements_covered": 81.32780082987551, "percent_statements_covered_display": "81"}, "missing_lines": [650, 651, 652, 653, 655, 658, 659, 661, 663, 666, 667, 670, 674, 675, 678, 680, 681, 685, 693, 694, 695, 698, 699, 700, 703, 705, 716, 717, 720, 722, 723, 726, 727, 730, 732, 733, 734, 735, 736, 739, 742, 743, 744, 745, 747], "excluded_lines": [], "functions": {"ExportConfig.__post_init__": {"executed_lines": [54, 55, 58, 59], "summary": {"covered_lines": 4, "num_statements": 4, "percent_covered": 100.0, "percent_covered_display": "100", "missing_lines": 0, "excluded_lines": 0, "percent_statements_covered": 100.0, "percent_statements_covered_display": "100"}, "missing_lines": [], "excluded_lines": []}, "CSVExporter.__init__": {"executed_lines": [92, 94, 95, 97, 100, 106], "summary": {"covered_lines": 6, "num_statements": 6, "percent_covered": 100.0, "percent_covered_display": "100", "missing_lines": 0, "excluded_lines": 0, "percent_statements_covered": 100.0, "percent_statements_covered_display": "100"}, "missing_lines": [], "excluded_lines": []}, "CSVExporter.export_detections": {"executed_lines": [128, 129, 130, 133, 135, 136, 137, 138, 140, 141, 142, 145, 148, 149, 151, 160, 161, 163, 164, 166, 167, 168, 169], "summary": {"covered_lines": 23, "num_statements": 23, "percent_covered": 100.0, "percent_covered_display": "100", "missing_lines": 0, "excluded_lines": 0, "percent_statements_covered": 100.0, "percent_statements_covered_display": "100"}, "missing_lines": [], "excluded_lines": []}, "CSVExporter.export_classifications": {"executed_lines": [194, 195, 200, 201, 202, 207, 209, 212, 215, 216, 219, 221, 222, 223, 226, 229, 230, 232, 241, 242, 244, 245, 247, 248, 249, 250], "summary": {"covered_lines": 26, "num_statements": 26, "percent_covered": 100.0, "percent_covered_display": "100", "missing_lines": 0, "excluded_lines": 0, "percent_statements_covered": 100.0, "percent_statements_covered_display": "100"}, "missing_lines": [], "excluded_lines": []}, "CSVExporter.export_crops": {"executed_lines": [272, 273, 274, 277, 279, 280, 281, 282, 283, 285, 286, 287, 290, 293, 294, 296, 305, 306, 308, 309, 311, 312, 313, 314], "summary": {"covered_lines": 24, "num_statements": 24, "percent_covered": 100.0, "percent_covered_display": "100", "missing_lines": 0, "excluded_lines": 0, "percent_statements_covered": 100.0, "percent_statements_covered_display": "100"}, "missing_lines": [], "excluded_lines": []}, "CSVExporter.export_combined": {"executed_lines": [342, 343, 344, 347, 349, 353, 356, 358, 359, 363, 365, 368, 371, 372, 375, 376, 379, 380, 382, 391, 392, 394, 395, 397, 398, 399, 400], "summary": {"covered_lines": 27, "num_statements": 27, "percent_covered": 100.0, "percent_covered_display": "100", "missing_lines": 0, "excluded_lines": 0, "percent_statements_covered": 100.0, "percent_statements_covered_display": "100"}, "missing_lines": [], "excluded_lines": []}, "CSVExporter._detection_to_row": {"executed_lines": [406, 415, 416, 417, 429, 431, 432, 442], "summary": {"covered_lines": 8, "num_statements": 8, "percent_covered": 100.0, "percent_covered_display": "100", "missing_lines": 0, "excluded_lines": 0, "percent_statements_covered": 100.0, "percent_statements_covered_display": "100"}, "missing_lines": [], "excluded_lines": []}, "CSVExporter._classification_to_row": {"executed_lines": [451, 464, 465, 466, 475, 476, 479, 482, 483, 485], "summary": {"covered_lines": 10, "num_statements": 10, "percent_covered": 100.0, "percent_covered_display": "100", "missing_lines": 0, "excluded_lines": 0, "percent_statements_covered": 100.0, "percent_statements_covered_display": "100"}, "missing_lines": [], "excluded_lines": []}, "CSVExporter._crop_to_row": {"executed_lines": [489, 491, 502, 503, 510, 511, 512, 514], "summary": {"covered_lines": 8, "num_statements": 8, "percent_covered": 100.0, "percent_covered_display": "100", "missing_lines": 0, "excluded_lines": 0, "percent_statements_covered": 100.0, "percent_statements_covered_display": "100"}, "missing_lines": [], "excluded_lines": []}, "CSVExporter._combined_to_row": {"executed_lines": [524, 534, 535, 547, 558, 559, 560, 568, 571, 572, 573, 585, 586, 593], "summary": {"covered_lines": 14, "num_statements": 14, "percent_covered": 100.0, "percent_covered_display": "100", "missing_lines": 0, "excluded_lines": 0, "percent_statements_covered": 100.0, "percent_statements_covered_display": "100"}, "missing_lines": [], "excluded_lines": []}, "CSVExporter._get_combined_columns": {"executed_lines": [602, 619, 620, 629], "summary": {"covered_lines": 4, "num_statements": 4, "percent_covered": 100.0, "percent_covered_display": "100", "missing_lines": 0, "excluded_lines": 0, "percent_statements_covered": 100.0, "percent_statements_covered_display": "100"}, "missing_lines": [], "excluded_lines": []}, "CSVExporter.get_stats": {"executed_lines": [633], "summary": {"covered_lines": 1, "num_statements": 1, "percent_covered": 100.0, "percent_covered_display": "100", "missing_lines": 0, "excluded_lines": 0, "percent_statements_covered": 100.0, "percent_statements_covered_display": "100"}, "missing_lines": [], "excluded_lines": []}, "CSVExporter.reset_statistics": {"executed_lines": [637, 638], "summary": {"covered_lines": 2, "num_statements": 2, "percent_covered": 100.0, "percent_covered_display": "100", "missing_lines": 0, "excluded_lines": 0, "percent_statements_covered": 100.0, "percent_statements_covered_display": "100"}, "missing_lines": [], "excluded_lines": []}, "CSVExporter.__repr__": {"executed_lines": [642], "summary": {"covered_lines": 1, "num_statements": 1, "percent_covered": 100.0, "percent_covered_display": "100", "missing_lines": 0, "excluded_lines": 0, "percent_statements_covered": 100.0, "percent_statements_covered_display": "100"}, "missing_lines": [], "excluded_lines": []}, "": {"executed_lines": [1, 8, 9, 10, 11, 12, 14, 16, 17, 18, 19, 20, 22, 25, 26, 28, 31, 32, 33, 45, 46, 47, 48, 49, 50, 52, 64, 65, 76, 108, 171, 252, 316, 402, 444, 487, 516, 595, 631, 635, 640, 649], "summary": {"covered_lines": 38, "num_statements": 83, "percent_covered": 45.78313253012048, "percent_covered_display": "46", "missing_lines": 45, "excluded_lines": 0, "percent_statements_covered": 45.78313253012048, "percent_statements_covered_display": "46"}, "missing_lines": [650, 651, 652, 653, 655, 658, 659, 661, 663, 666, 667, 670, 674, 675, 678, 680, 681, 685, 693, 694, 695, 698, 699, 700, 703, 705, 716, 717, 720, 722, 723, 726, 727, 730, 732, 733, 734, 735, 736, 739, 742, 743, 744, 745, 747], "excluded_lines": []}}, "classes": {"CSVExportError": {"executed_lines": [], "summary": {"covered_lines": 0, "num_statements": 0, "percent_covered": 100.0, "percent_covered_display": "100", "missing_lines": 0, "excluded_lines": 0, "percent_statements_covered": 100.0, "percent_statements_covered_display": "100"}, "missing_lines": [], "excluded_lines": []}, "ExportConfig": {"executed_lines": [54, 55, 58, 59], "summary": {"covered_lines": 4, "num_statements": 4, "percent_covered": 100.0, "percent_covered_display": "100", "missing_lines": 0, "excluded_lines": 0, "percent_statements_covered": 100.0, "percent_statements_covered_display": "100"}, "missing_lines": [], "excluded_lines": []}, "CSVExporter": {"executed_lines": [92, 94, 95, 97, 100, 106, 128, 129, 130, 133, 135, 136, 137, 138, 140, 141, 142, 145, 148, 149, 151, 160, 161, 163, 164, 166, 167, 168, 169, 194, 195, 200, 201, 202, 207, 209, 212, 215, 216, 219, 221, 222, 223, 226, 229, 230, 232, 241, 242, 244, 245, 247, 248, 249, 250, 272, 273, 274, 277, 279, 280, 281, 282, 283, 285, 286, 287, 290, 293, 294, 296, 305, 306, 308, 309, 311, 312, 313, 314, 342, 343, 344, 347, 349, 353, 356, 358, 359, 363, 365, 368, 371, 372, 375, 376, 379, 380, 382, 391, 392, 394, 395, 397, 398, 399, 400, 406, 415, 416, 417, 429, 431, 432, 442, 451, 464, 465, 466, 475, 476, 479, 482, 483, 485, 489, 491, 502, 503, 510, 511, 512, 514, 524, 534, 535, 547, 558, 559, 560, 568, 571, 572, 573, 585, 586, 593, 602, 619, 620, 629, 633, 637, 638, 642], "summary": {"covered_lines": 154, "num_statements": 154, "percent_covered": 100.0, "percent_covered_display": "100", "missing_lines": 0, "excluded_lines": 0, "percent_statements_covered": 100.0, "percent_statements_covered_display": "100"}, "missing_lines": [], "excluded_lines": []}, "": {"executed_lines": [1, 8, 9, 10, 11, 12, 14, 16, 17, 18, 19, 20, 22, 25, 26, 28, 31, 32, 33, 45, 46, 47, 48, 49, 50, 52, 64, 65, 76, 108, 171, 252, 316, 402, 444, 487, 516, 595, 631, 635, 640, 649], "summary": {"covered_lines": 38, "num_statements": 83, "percent_covered": 45.78313253012048, "percent_covered_display": "46", "missing_lines": 45, "excluded_lines": 0, "percent_statements_covered": 45.78313253012048, "percent_statements_covered_display": "46"}, "missing_lines": [650, 651, 652, 653, 655, 658, 659, 661, 663, 666, 667, 670, 674, 675, 678, 680, 681, 685, 693, 694, 695, 698, 699, 700, 703, 705, 716, 717, 720, 722, 723, 726, 727, 730, 732, 733, 734, 735, 736, 739, 742, 743, 744, 745, 747], "excluded_lines": []}}}, "core/detection_engine.py": {"executed_lines": [1, 9, 10, 11, 12, 14, 15, 17, 18, 19, 20, 26, 29, 30, 31, 45, 46, 47, 48, 49, 51, 53, 54, 56, 57, 59, 60, 63, 64, 65, 67, 68, 75, 77, 78, 85, 87, 89, 91, 93, 95, 102, 103, 104, 105, 107, 117, 119, 129, 130, 132, 144, 161, 162, 181, 205, 208, 209, 211, 212, 214, 215, 216, 217, 218, 221, 222, 223, 224, 225, 228, 229, 237, 242, 271, 273, 276, 277, 279, 281, 283, 284, 285, 288, 289, 290, 293, 296, 301, 302, 303, 305, 306, 307, 308, 314, 322, 323, 326, 327, 328, 329, 332, 335, 347, 351, 359, 360, 361, 363, 384, 385, 387, 389, 392, 393, 394, 395, 398, 399, 400, 403, 404, 405, 408, 413, 415, 416, 420, 422, 424, 427, 453, 459, 484, 490, 507, 508, 509, 510, 512, 513, 514, 515, 517, 518, 519, 520, 521, 524, 526, 533, 535, 537, 544], "summary": {"covered_lines": 152, "num_statements": 190, "percent_covered": 80.0, "percent_covered_display": "80", "missing_lines": 38, "excluded_lines": 0, "percent_statements_covered": 80.0, "percent_statements_covered_display": "80"}, "missing_lines": [545, 546, 547, 550, 551, 553, 555, 558, 564, 567, 568, 569, 570, 571, 573, 576, 577, 580, 582, 583, 584, 586, 588, 590, 591, 592, 593, 595, 596, 597, 598, 601, 602, 605, 606, 607, 611, 613], "excluded_lines": [], "functions": {"DetectionResult.__post_init__": {"executed_lines": [53, 54, 56, 57, 59, 60, 63, 64, 65], "summary": {"covered_lines": 9, "num_statements": 9, "percent_covered": 100.0, "percent_covered_display": "100", "missing_lines": 0, "excluded_lines": 0, "percent_statements_covered": 100.0, "percent_statements_covered_display": "100"}, "missing_lines": [], "excluded_lines": []}, "DetectionResult.image_size": {"executed_lines": [75], "summary": {"covered_lines": 1, "num_statements": 1, "percent_covered": 100.0, "percent_covered_display": "100", "missing_lines": 0, "excluded_lines": 0, "percent_statements_covered": 100.0, "percent_statements_covered_display": "100"}, "missing_lines": [], "excluded_lines": []}, "DetectionResult.num_detections": {"executed_lines": [85], "summary": {"covered_lines": 1, "num_statements": 1, "percent_covered": 100.0, "percent_covered_display": "100", "missing_lines": 0, "excluded_lines": 0, "percent_statements_covered": 100.0, "percent_statements_covered_display": "100"}, "missing_lines": [], "excluded_lines": []}, "DetectionResult.get_detection_count": {"executed_lines": [89], "summary": {"covered_lines": 1, "num_statements": 1, "percent_covered": 100.0, "percent_covered_display": "100", "missing_lines": 0, "excluded_lines": 0, "percent_statements_covered": 100.0, "percent_statements_covered_display": "100"}, "missing_lines": [], "excluded_lines": []}, "DetectionResult.has_detections": {"executed_lines": [93], "summary": {"covered_lines": 1, "num_statements": 1, "percent_covered": 100.0, "percent_covered_display": "100", "missing_lines": 0, "excluded_lines": 0, "percent_statements_covered": 100.0, "percent_statements_covered_display": "100"}, "missing_lines": [], "excluded_lines": []}, "DetectionResult.get_class_counts": {"executed_lines": [102, 103, 104, 105], "summary": {"covered_lines": 4, "num_statements": 4, "percent_covered": 100.0, "percent_covered_display": "100", "missing_lines": 0, "excluded_lines": 0, "percent_statements_covered": 100.0, "percent_statements_covered_display": "100"}, "missing_lines": [], "excluded_lines": []}, "DetectionResult.filter_by_class": {"executed_lines": [117], "summary": {"covered_lines": 1, "num_statements": 1, "percent_covered": 100.0, "percent_covered_display": "100", "missing_lines": 0, "excluded_lines": 0, "percent_statements_covered": 100.0, "percent_statements_covered_display": "100"}, "missing_lines": [], "excluded_lines": []}, "DetectionResult.filter_by_confidence": {"executed_lines": [129, 130], "summary": {"covered_lines": 2, "num_statements": 2, "percent_covered": 100.0, "percent_covered_display": "100", "missing_lines": 0, "excluded_lines": 0, "percent_statements_covered": 100.0, "percent_statements_covered_display": "100"}, "missing_lines": [], "excluded_lines": []}, "DetectionResult.to_dict": {"executed_lines": [144], "summary": {"covered_lines": 1, "num_statements": 1, "percent_covered": 100.0, "percent_covered_display": "100", "missing_lines": 0, "excluded_lines": 0, "percent_statements_covered": 100.0, "percent_statements_covered_display": "100"}, "missing_lines": [], "excluded_lines": []}, "DetectionEngine.__init__": {"executed_lines": [205, 208, 209, 211, 212, 214, 215, 216, 217, 218, 221, 222, 223, 224, 225, 228, 229, 237], "summary": {"covered_lines": 18, "num_statements": 18, "percent_covered": 100.0, "percent_covered_display": "100", "missing_lines": 0, "excluded_lines": 0, "percent_statements_covered": 100.0, "percent_statements_covered_display": "100"}, "missing_lines": [], "excluded_lines": []}, "DetectionEngine.process_image": {"executed_lines": [271, 273, 276, 277, 279, 281, 283, 284, 285, 288, 289, 290, 293, 296, 301, 302, 303, 305, 306, 307, 308, 314, 322, 323, 326, 327, 328, 329, 332, 335, 347, 351, 359, 360, 361], "summary": {"covered_lines": 35, "num_statements": 35, "percent_covered": 100.0, "percent_covered_display": "100", "missing_lines": 0, "excluded_lines": 0, "percent_statements_covered": 100.0, "percent_statements_covered_display": "100"}, "missing_lines": [], "excluded_lines": []}, "DetectionEngine.process_batch": {"executed_lines": [384, 385, 387, 389, 392, 393, 394, 395, 398, 399, 400, 403, 404, 405, 408, 413, 415, 416, 420, 422, 424], "summary": {"covered_lines": 21, "num_statements": 21, "percent_covered": 100.0, "percent_covered_display": "100", "missing_lines": 0, "excluded_lines": 0, "percent_statements_covered": 100.0, "percent_statements_covered_display": "100"}, "missing_lines": [], "excluded_lines": []}, "DetectionEngine.detect": {"executed_lines": [453], "summary": {"covered_lines": 1, "num_statements": 1, "percent_covered": 100.0, "percent_covered_display": "100", "missing_lines": 0, "excluded_lines": 0, "percent_statements_covered": 100.0, "percent_statements_covered_display": "100"}, "missing_lines": [], "excluded_lines": []}, "DetectionEngine.detect_batch": {"executed_lines": [484], "summary": {"covered_lines": 1, "num_statements": 1, "percent_covered": 100.0, "percent_covered_display": "100", "missing_lines": 0, "excluded_lines": 0, "percent_statements_covered": 100.0, "percent_statements_covered_display": "100"}, "missing_lines": [], "excluded_lines": []}, "DetectionEngine.update_thresholds": {"executed_lines": [507, 508, 509, 510, 512, 513, 514, 515, 517, 518, 519, 520, 521, 524], "summary": {"covered_lines": 14, "num_statements": 14, "percent_covered": 100.0, "percent_covered_display": "100", "missing_lines": 0, "excluded_lines": 0, "percent_statements_covered": 100.0, "percent_statements_covered_display": "100"}, "missing_lines": [], "excluded_lines": []}, "DetectionEngine.get_model_info": {"executed_lines": [533], "summary": {"covered_lines": 1, "num_statements": 1, "percent_covered": 100.0, "percent_covered_display": "100", "missing_lines": 0, "excluded_lines": 0, "percent_statements_covered": 100.0, "percent_statements_covered_display": "100"}, "missing_lines": [], "excluded_lines": []}, "DetectionEngine.__repr__": {"executed_lines": [537], "summary": {"covered_lines": 1, "num_statements": 1, "percent_covered": 100.0, "percent_covered_display": "100", "missing_lines": 0, "excluded_lines": 0, "percent_statements_covered": 100.0, "percent_statements_covered_display": "100"}, "missing_lines": [], "excluded_lines": []}, "": {"executed_lines": [1, 9, 10, 11, 12, 14, 15, 17, 18, 19, 20, 26, 29, 30, 31, 45, 46, 47, 48, 49, 51, 67, 68, 77, 78, 87, 91, 95, 107, 119, 132, 161, 162, 181, 242, 363, 427, 459, 490, 526, 535, 544], "summary": {"covered_lines": 39, "num_statements": 77, "percent_covered": 50.64935064935065, "percent_covered_display": "51", "missing_lines": 38, "excluded_lines": 0, "percent_statements_covered": 50.64935064935065, "percent_statements_covered_display": "51"}, "missing_lines": [545, 546, 547, 550, 551, 553, 555, 558, 564, 567, 568, 569, 570, 571, 573, 576, 577, 580, 582, 583, 584, 586, 588, 590, 591, 592, 593, 595, 596, 597, 598, 601, 602, 605, 606, 607, 611, 613], "excluded_lines": []}}, "classes": {"DetectionResult": {"executed_lines": [53, 54, 56, 57, 59, 60, 63, 64, 65, 75, 85, 89, 93, 102, 103, 104, 105, 117, 129, 130, 144], "summary": {"covered_lines": 21, "num_statements": 21, "percent_covered": 100.0, "percent_covered_display": "100", "missing_lines": 0, "excluded_lines": 0, "percent_statements_covered": 100.0, "percent_statements_covered_display": "100"}, "missing_lines": [], "excluded_lines": []}, "DetectionEngine": {"executed_lines": [205, 208, 209, 211, 212, 214, 215, 216, 217, 218, 221, 222, 223, 224, 225, 228, 229, 237, 271, 273, 276, 277, 279, 281, 283, 284, 285, 288, 289, 290, 293, 296, 301, 302, 303, 305, 306, 307, 308, 314, 322, 323, 326, 327, 328, 329, 332, 335, 347, 351, 359, 360, 361, 384, 385, 387, 389, 392, 393, 394, 395, 398, 399, 400, 403, 404, 405, 408, 413, 415, 416, 420, 422, 424, 453, 484, 507, 508, 509, 510, 512, 513, 514, 515, 517, 518, 519, 520, 521, 524, 533, 537], "summary": {"covered_lines": 92, "num_statements": 92, "percent_covered": 100.0, "percent_covered_display": "100", "missing_lines": 0, "excluded_lines": 0, "percent_statements_covered": 100.0, "percent_statements_covered_display": "100"}, "missing_lines": [], "excluded_lines": []}, "": {"executed_lines": [1, 9, 10, 11, 12, 14, 15, 17, 18, 19, 20, 26, 29, 30, 31, 45, 46, 47, 48, 49, 51, 67, 68, 77, 78, 87, 91, 95, 107, 119, 132, 161, 162, 181, 242, 363, 427, 459, 490, 526, 535, 544], "summary": {"covered_lines": 39, "num_statements": 77, "percent_covered": 50.64935064935065, "percent_covered_display": "51", "missing_lines": 38, "excluded_lines": 0, "percent_statements_covered": 50.64935064935065, "percent_statements_covered_display": "51"}, "missing_lines": [545, 546, 547, 550, 551, 553, 555, 558, 564, 567, 568, 569, 570, 571, 573, 576, 577, 580, 582, 583, 584, 586, 588, 590, 591, 592, 593, 595, 596, 597, 598, 601, 602, 605, 606, 607, 611, 613], "excluded_lines": []}}}, "gui/__init__.py": {"executed_lines": [1, 7, 8, 10], "summary": {"covered_lines": 3, "num_statements": 3, "percent_covered": 100.0, "percent_covered_display": "100", "missing_lines": 0, "excluded_lines": 0, "percent_statements_covered": 100.0, "percent_statements_covered_display": "100"}, "missing_lines": [], "excluded_lines": [], "functions": {"": {"executed_lines": [1, 7, 8, 10], "summary": {"covered_lines": 3, "num_statements": 3, "percent_covered": 100.0, "percent_covered_display": "100", "missing_lines": 0, "excluded_lines": 0, "percent_statements_covered": 100.0, "percent_statements_covered_display": "100"}, "missing_lines": [], "excluded_lines": []}}, "classes": {"": {"executed_lines": [1, 7, 8, 10], "summary": {"covered_lines": 3, "num_statements": 3, "percent_covered": 100.0, "percent_covered_display": "100", "missing_lines": 0, "excluded_lines": 0, "percent_statements_covered": 100.0, "percent_statements_covered_display": "100"}, "missing_lines": [], "excluded_lines": []}}}, "gui/main_window.py": {"executed_lines": [1, 12, 13, 14, 16, 17, 31, 32, 33, 35, 38, 39, 48, 49, 50, 52, 71, 93, 99, 100, 110, 112, 114, 115, 116, 117, 119, 120, 121, 123, 125, 127, 128, 129, 132, 133, 134, 136, 137, 138, 141, 142, 143, 144, 146, 153, 154, 155, 158, 159, 160, 161, 164, 166, 167, 168, 169, 171, 172, 173, 174, 176, 177, 179, 181, 188, 189, 190, 193, 194, 195, 196, 197, 200, 201, 202, 205, 206, 207, 209, 210, 212, 219, 220, 221, 224, 225, 226, 227, 228, 230, 231, 233, 240, 241, 242, 245, 246, 247, 248, 251, 254, 255, 256, 257, 258, 261, 262, 263, 264, 265, 267, 268, 270, 272, 273, 274, 275, 276, 278, 280, 282, 283, 284, 285, 287, 292, 294, 295, 296, 297, 299, 301, 302, 304, 309, 311, 312, 313, 316, 323, 324, 325, 326, 327, 328, 334, 336, 337, 338, 341, 348, 349, 351, 352, 355, 356, 357, 363, 373, 374, 376, 377, 378, 379, 383, 385, 464, 474, 512, 569, 583, 585, 586, 587, 589, 607, 615, 625, 633, 649, 651, 652], "summary": {"covered_lines": 180, "num_statements": 324, "percent_covered": 55.55555555555556, "percent_covered_display": "56", "missing_lines": 144, "excluded_lines": 0, "percent_statements_covered": 55.55555555555556, "percent_statements_covered_display": "56"}, "missing_lines": [66, 67, 68, 69, 73, 74, 77, 79, 82, 84, 85, 86, 88, 89, 90, 91, 95, 96, 289, 290, 306, 307, 314, 330, 331, 332, 339, 359, 360, 361, 380, 381, 387, 388, 389, 391, 393, 405, 408, 411, 414, 417, 422, 432, 437, 438, 441, 444, 445, 446, 447, 448, 451, 452, 453, 456, 457, 459, 460, 461, 462, 466, 467, 468, 469, 470, 471, 472, 481, 483, 484, 485, 488, 491, 492, 493, 496, 497, 498, 500, 501, 502, 503, 504, 505, 507, 509, 510, 519, 520, 521, 524, 525, 526, 527, 528, 529, 530, 531, 532, 533, 534, 536, 537, 538, 539, 540, 541, 544, 545, 546, 547, 548, 549, 551, 553, 554, 557, 565, 566, 567, 576, 577, 578, 580, 581, 590, 591, 592, 599, 600, 601, 609, 610, 611, 612, 613, 623, 634, 641, 642, 643, 645, 646], "excluded_lines": [], "functions": {"ProcessingThread.__init__": {"executed_lines": [], "summary": {"covered_lines": 0, "num_statements": 4, "percent_covered": 0.0, "percent_covered_display": "0", "missing_lines": 4, "excluded_lines": 0, "percent_statements_covered": 0.0, "percent_statements_covered_display": "0"}, "missing_lines": [66, 67, 68, 69], "excluded_lines": []}, "ProcessingThread.run": {"executed_lines": [], "summary": {"covered_lines": 0, "num_statements": 12, "percent_covered": 0.0, "percent_covered_display": "0", "missing_lines": 12, "excluded_lines": 0, "percent_statements_covered": 0.0, "percent_statements_covered_display": "0"}, "missing_lines": [73, 74, 77, 79, 82, 84, 85, 86, 88, 89, 90, 91], "excluded_lines": []}, "ProcessingThread.stop": {"executed_lines": [], "summary": {"covered_lines": 0, "num_statements": 2, "percent_covered": 0.0, "percent_covered_display": "0", "missing_lines": 2, "excluded_lines": 0, "percent_statements_covered": 0.0, "percent_statements_covered_display": "0"}, "missing_lines": [95, 96], "excluded_lines": []}, "MainWindow.__init__": {"executed_lines": [112, 114, 115, 116, 117, 119, 120, 121, 123], "summary": {"covered_lines": 9, "num_statements": 9, "percent_covered": 100.0, "percent_covered_display": "100", "missing_lines": 0, "excluded_lines": 0, "percent_statements_covered": 100.0, "percent_statements_covered_display": "100"}, "missing_lines": [], "excluded_lines": []}, "MainWindow._setup_ui": {"executed_lines": [127, 128, 129, 132, 133, 134, 136, 137, 138, 141, 142, 143, 144], "summary": {"covered_lines": 13, "num_statements": 13, "percent_covered": 100.0, "percent_covered_display": "100", "missing_lines": 0, "excluded_lines": 0, "percent_statements_covered": 100.0, "percent_statements_covered_display": "100"}, "missing_lines": [], "excluded_lines": []}, "MainWindow._create_input_section": {"executed_lines": [153, 154, 155, 158, 159, 160, 161, 164, 166, 167, 168, 169, 171, 172, 173, 174, 176, 177, 179], "summary": {"covered_lines": 19, "num_statements": 19, "percent_covered": 100.0, "percent_covered_display": "100", "missing_lines": 0, "excluded_lines": 0, "percent_statements_covered": 100.0, "percent_statements_covered_display": "100"}, "missing_lines": [], "excluded_lines": []}, "MainWindow._create_progress_section": {"executed_lines": [188, 189, 190, 193, 194, 195, 196, 197, 200, 201, 202, 205, 206, 207, 209, 210], "summary": {"covered_lines": 16, "num_statements": 16, "percent_covered": 100.0, "percent_covered_display": "100", "missing_lines": 0, "excluded_lines": 0, "percent_statements_covered": 100.0, "percent_statements_covered_display": "100"}, "missing_lines": [], "excluded_lines": []}, "MainWindow._create_results_section": {"executed_lines": [219, 220, 221, 224, 225, 226, 227, 228, 230, 231], "summary": {"covered_lines": 10, "num_statements": 10, "percent_covered": 100.0, "percent_covered_display": "100", "missing_lines": 0, "excluded_lines": 0, "percent_statements_covered": 100.0, "percent_statements_covered_display": "100"}, "missing_lines": [], "excluded_lines": []}, "MainWindow._create_actions_section": {"executed_lines": [240, 241, 242, 245, 246, 247, 248, 251, 254, 255, 256, 257, 258, 261, 262, 263, 264, 265, 267, 268], "summary": {"covered_lines": 20, "num_statements": 20, "percent_covered": 100.0, "percent_covered_display": "100", "missing_lines": 0, "excluded_lines": 0, "percent_statements_covered": 100.0, "percent_statements_covered_display": "100"}, "missing_lines": [], "excluded_lines": []}, "MainWindow._connect_signals": {"executed_lines": [272, 273, 274, 275, 276], "summary": {"covered_lines": 5, "num_statements": 5, "percent_covered": 100.0, "percent_covered_display": "100", "missing_lines": 0, "excluded_lines": 0, "percent_statements_covered": 100.0, "percent_statements_covered_display": "100"}, "missing_lines": [], "excluded_lines": []}, "MainWindow._load_settings": {"executed_lines": [280, 282, 283, 284, 285, 287], "summary": {"covered_lines": 6, "num_statements": 8, "percent_covered": 75.0, "percent_covered_display": "75", "missing_lines": 2, "excluded_lines": 0, "percent_statements_covered": 75.0, "percent_statements_covered_display": "75"}, "missing_lines": [289, 290], "excluded_lines": []}, "MainWindow._save_settings": {"executed_lines": [294, 295, 296, 297, 299, 301, 302, 304], "summary": {"covered_lines": 8, "num_statements": 10, "percent_covered": 80.0, "percent_covered_display": "80", "missing_lines": 2, "excluded_lines": 0, "percent_statements_covered": 80.0, "percent_statements_covered_display": "80"}, "missing_lines": [306, 307], "excluded_lines": []}, "MainWindow._on_select_file": {"executed_lines": [311, 312, 313, 316, 323, 324, 325, 326, 327, 328], "summary": {"covered_lines": 10, "num_statements": 14, "percent_covered": 71.42857142857143, "percent_covered_display": "71", "missing_lines": 4, "excluded_lines": 0, "percent_statements_covered": 71.42857142857143, "percent_statements_covered_display": "71"}, "missing_lines": [314, 330, 331, 332], "excluded_lines": []}, "MainWindow._on_select_directory": {"executed_lines": [336, 337, 338, 341, 348, 349, 351, 352, 355, 356, 357], "summary": {"covered_lines": 11, "num_statements": 15, "percent_covered": 73.33333333333333, "percent_covered_display": "73", "missing_lines": 4, "excluded_lines": 0, "percent_statements_covered": 73.33333333333333, "percent_statements_covered_display": "73"}, "missing_lines": [339, 359, 360, 361], "excluded_lines": []}, "MainWindow._count_images": {"executed_lines": [373, 374, 376, 377, 378, 379, 383], "summary": {"covered_lines": 7, "num_statements": 9, "percent_covered": 77.77777777777777, "percent_covered_display": "78", "missing_lines": 2, "excluded_lines": 0, "percent_statements_covered": 77.77777777777777, "percent_statements_covered_display": "78"}, "missing_lines": [380, 381], "excluded_lines": []}, "MainWindow._on_start_processing": {"executed_lines": [], "summary": {"covered_lines": 0, "num_statements": 29, "percent_covered": 0.0, "percent_covered_display": "0", "missing_lines": 29, "excluded_lines": 0, "percent_statements_covered": 0.0, "percent_statements_covered_display": "0"}, "missing_lines": [387, 388, 389, 391, 393, 405, 408, 411, 414, 417, 422, 432, 437, 438, 441, 444, 445, 446, 447, 448, 451, 452, 453, 456, 457, 459, 460, 461, 462], "excluded_lines": []}, "MainWindow._on_stop_processing": {"executed_lines": [], "summary": {"covered_lines": 0, "num_statements": 7, "percent_covered": 0.0, "percent_covered_display": "0", "missing_lines": 7, "excluded_lines": 0, "percent_statements_covered": 0.0, "percent_statements_covered_display": "0"}, "missing_lines": [466, 467, 468, 469, 470, 471, 472], "excluded_lines": []}, "MainWindow._on_progress_update": {"executed_lines": [], "summary": {"covered_lines": 0, "num_statements": 20, "percent_covered": 0.0, "percent_covered_display": "0", "missing_lines": 20, "excluded_lines": 0, "percent_statements_covered": 0.0, "percent_statements_covered_display": "0"}, "missing_lines": [481, 483, 484, 485, 488, 491, 492, 493, 496, 497, 498, 500, 501, 502, 503, 504, 505, 507, 509, 510], "excluded_lines": []}, "MainWindow._on_processing_complete": {"executed_lines": [], "summary": {"covered_lines": 0, "num_statements": 33, "percent_covered": 0.0, "percent_covered_display": "0", "missing_lines": 33, "excluded_lines": 0, "percent_statements_covered": 0.0, "percent_statements_covered_display": "0"}, "missing_lines": [519, 520, 521, 524, 525, 526, 527, 528, 529, 530, 531, 532, 533, 534, 536, 537, 538, 539, 540, 541, 544, 545, 546, 547, 548, 549, 551, 553, 554, 557, 565, 566, 567], "excluded_lines": []}, "MainWindow._on_processing_error": {"executed_lines": [], "summary": {"covered_lines": 0, "num_statements": 5, "percent_covered": 0.0, "percent_covered_display": "0", "missing_lines": 5, "excluded_lines": 0, "percent_statements_covered": 0.0, "percent_statements_covered_display": "0"}, "missing_lines": [576, 577, 578, 580, 581], "excluded_lines": []}, "MainWindow._on_open_settings": {"executed_lines": [585, 586, 587, 589], "summary": {"covered_lines": 4, "num_statements": 10, "percent_covered": 40.0, "percent_covered_display": "40", "missing_lines": 6, "excluded_lines": 0, "percent_statements_covered": 40.0, "percent_statements_covered_display": "40"}, "missing_lines": [590, 591, 592, 599, 600, 601], "excluded_lines": []}, "MainWindow._reset_ui_state": {"executed_lines": [], "summary": {"covered_lines": 0, "num_statements": 5, "percent_covered": 0.0, "percent_covered_display": "0", "missing_lines": 5, "excluded_lines": 0, "percent_statements_covered": 0.0, "percent_statements_covered_display": "0"}, "missing_lines": [609, 610, 611, 612, 613], "excluded_lines": []}, "MainWindow._show_error": {"executed_lines": [], "summary": {"covered_lines": 0, "num_statements": 1, "percent_covered": 0.0, "percent_covered_display": "0", "missing_lines": 1, "excluded_lines": 0, "percent_statements_covered": 0.0, "percent_statements_covered_display": "0"}, "missing_lines": [623], "excluded_lines": []}, "MainWindow.closeEvent": {"executed_lines": [633, 649, 651, 652], "summary": {"covered_lines": 4, "num_statements": 10, "percent_covered": 40.0, "percent_covered_display": "40", "missing_lines": 6, "excluded_lines": 0, "percent_statements_covered": 40.0, "percent_statements_covered_display": "40"}, "missing_lines": [634, 641, 642, 643, 645, 646], "excluded_lines": []}, "": {"executed_lines": [1, 12, 13, 14, 16, 17, 31, 32, 33, 35, 38, 39, 48, 49, 50, 52, 71, 93, 99, 100, 110, 125, 146, 181, 212, 233, 270, 278, 292, 309, 334, 363, 385, 464, 474, 512, 569, 583, 607, 615, 625], "summary": {"covered_lines": 38, "num_statements": 38, "percent_covered": 100.0, "percent_covered_display": "100", "missing_lines": 0, "excluded_lines": 0, "percent_statements_covered": 100.0, "percent_statements_covered_display": "100"}, "missing_lines": [], "excluded_lines": []}}, "classes": {"ProcessingThread": {"executed_lines": [], "summary": {"covered_lines": 0, "num_statements": 18, "percent_covered": 0.0, "percent_covered_display": "0", "missing_lines": 18, "excluded_lines": 0, "percent_statements_covered": 0.0, "percent_statements_covered_display": "0"}, "missing_lines": [66, 67, 68, 69, 73, 74, 77, 79, 82, 84, 85, 86, 88, 89, 90, 91, 95, 96], "excluded_lines": []}, "MainWindow": {"executed_lines": [112, 114, 115, 116, 117, 119, 120, 121, 123, 127, 128, 129, 132, 133, 134, 136, 137, 138, 141, 142, 143, 144, 153, 154, 155, 158, 159, 160, 161, 164, 166, 167, 168, 169, 171, 172, 173, 174, 176, 177, 179, 188, 189, 190, 193, 194, 195, 196, 197, 200, 201, 202, 205, 206, 207, 209, 210, 219, 220, 221, 224, 225, 226, 227, 228, 230, 231, 240, 241, 242, 245, 246, 247, 248, 251, 254, 255, 256, 257, 258, 261, 262, 263, 264, 265, 267, 268, 272, 273, 274, 275, 276, 280, 282, 283, 284, 285, 287, 294, 295, 296, 297, 299, 301, 302, 304, 311, 312, 313, 316, 323, 324, 325, 326, 327, 328, 336, 337, 338, 341, 348, 349, 351, 352, 355, 356, 357, 373, 374, 376, 377, 378, 379, 383, 585, 586, 587, 589, 633, 649, 651, 652], "summary": {"covered_lines": 142, "num_statements": 268, "percent_covered": 52.985074626865675, "percent_covered_display": "53", "missing_lines": 126, "excluded_lines": 0, "percent_statements_covered": 52.985074626865675, "percent_statements_covered_display": "53"}, "missing_lines": [289, 290, 306, 307, 314, 330, 331, 332, 339, 359, 360, 361, 380, 381, 387, 388, 389, 391, 393, 405, 408, 411, 414, 417, 422, 432, 437, 438, 441, 444, 445, 446, 447, 448, 451, 452, 453, 456, 457, 459, 460, 461, 462, 466, 467, 468, 469, 470, 471, 472, 481, 483, 484, 485, 488, 491, 492, 493, 496, 497, 498, 500, 501, 502, 503, 504, 505, 507, 509, 510, 519, 520, 521, 524, 525, 526, 527, 528, 529, 530, 531, 532, 533, 534, 536, 537, 538, 539, 540, 541, 544, 545, 546, 547, 548, 549, 551, 553, 554, 557, 565, 566, 567, 576, 577, 578, 580, 581, 590, 591, 592, 599, 600, 601, 609, 610, 611, 612, 613, 623, 634, 641, 642, 643, 645, 646], "excluded_lines": []}, "": {"executed_lines": [1, 12, 13, 14, 16, 17, 31, 32, 33, 35, 38, 39, 48, 49, 50, 52, 71, 93, 99, 100, 110, 125, 146, 181, 212, 233, 270, 278, 292, 309, 334, 363, 385, 464, 474, 512, 569, 583, 607, 615, 625], "summary": {"covered_lines": 38, "num_statements": 38, "percent_covered": 100.0, "percent_covered_display": "100", "missing_lines": 0, "excluded_lines": 0, "percent_statements_covered": 100.0, "percent_statements_covered_display": "100"}, "missing_lines": [], "excluded_lines": []}}}, "gui/settings_dialog.py": {"executed_lines": [1, 11, 12, 13, 15, 16, 35, 37, 40, 41, 51, 63, 65, 66, 68, 69, 70, 72, 74, 76, 77, 78, 81, 82, 83, 86, 87, 90, 91, 92, 93, 95, 98, 103, 104, 106, 113, 114, 115, 118, 119, 120, 122, 123, 124, 131, 132, 134, 135, 136, 137, 138, 140, 141, 144, 145, 146, 148, 149, 150, 151, 152, 153, 154, 155, 157, 158, 159, 160, 161, 162, 163, 164, 166, 167, 168, 169, 170, 171, 173, 174, 176, 177, 179, 186, 187, 188, 191, 192, 193, 195, 196, 197, 198, 199, 200, 201, 202, 204, 205, 206, 207, 209, 210, 211, 212, 213, 214, 216, 217, 220, 221, 222, 224, 225, 226, 227, 228, 229, 231, 232, 233, 235, 237, 238, 240, 241, 243, 250, 251, 252, 255, 256, 257, 259, 260, 261, 262, 263, 264, 265, 266, 268, 269, 270, 271, 273, 274, 275, 276, 278, 279, 282, 283, 284, 286, 287, 288, 289, 290, 291, 292, 294, 295, 296, 297, 298, 299, 300, 302, 303, 304, 305, 306, 307, 308, 310, 311, 312, 313, 314, 315, 316, 318, 319, 322, 323, 324, 326, 327, 328, 329, 330, 331, 332, 334, 335, 337, 338, 340, 347, 348, 349, 352, 353, 354, 357, 358, 359, 360, 361, 363, 364, 365,
[...]
, 344, 345, 347, 350, 371, 372, 374, 375, 378, 379, 382, 383, 386, 387, 388, 389, 390, 391, 392, 395, 396, 397, 398, 401, 402, 404, 405, 406, 407, 410, 411, 412, 413, 416, 418, 419, 422, 435, 436, 438, 441, 442, 443, 444, 447, 448, 449, 450, 451, 454, 455, 456, 457, 458, 459, 460, 463], "summary": {"covered_lines": 202, "num_statements": 246, "percent_covered": 82.11382113821138, "percent_covered_display": "82", "missing_lines": 44, "excluded_lines": 0, "percent_statements_covered": 82.11382113821138, "percent_statements_covered_display": "82"}, "missing_lines": [83, 92, 263, 464, 465, 466, 468, 469, 471, 473, 476, 477, 478, 481, 482, 485, 486, 487, 488, 489, 492, 493, 494, 495, 496, 499, 500, 501, 502, 503, 504, 507, 508, 509, 510, 511, 512, 515, 516, 517, 518, 519, 520, 522], "excluded_lines": [], "functions": {"load_image": {"executed_lines": [48, 49, 50, 52, 53, 54, 56, 58, 59, 61, 62, 64, 65, 66, 67, 68, 69, 71, 72, 73, 74, 77, 78, 79, 80, 82, 86, 88, 89, 91, 93, 94], "summary": {"covered_lines": 32, "num_statements": 34, "percent_covered": 94.11764705882354, "percent_covered_display": "94", "missing_lines": 2, "excluded_lines": 0, "percent_statements_covered": 94.11764705882354, "percent_statements_covered_display": "94"}, "missing_lines": [83, 92], "excluded_lines": []}, "extract_metadata": {"executed_lines": [116, 117, 129, 130, 131, 132, 135, 136, 137, 138, 141, 142, 144, 145, 147, 148, 149, 151, 152, 154, 155, 157, 158, 160, 162, 163, 164, 165, 168, 169, 172, 174, 175, 178, 180, 181, 182, 183, 185, 187, 189, 190, 192], "summary": {"covered_lines": 43, "num_statements": 43, "percent_covered": 100.0, "percent_covered_display": "100", "missing_lines": 0, "excluded_lines": 0, "percent_statements_covered": 100.0, "percent_statements_covered_display": "100"}, "missing_lines": [], "excluded_lines": []}, "_convert_gps_to_degrees": {"executed_lines": [206, 208, 213, 214, 215, 217, 220, 221, 223, 225, 226, 227], "summary": {"covered_lines": 12, "num_statements": 12, "percent_covered": 100.0, "percent_covered_display": "100", "missing_lines": 0, "excluded_lines": 0, "percent_statements_covered": 100.0, "percent_statements_covered_display": "100"}, "missing_lines": [], "excluded_lines": []}, "_convert_gps_to_degrees.to_float": {"executed_lines": [209, 210, 211], "summary": {"covered_lines": 3, "num_statements": 3, "percent_covered": 100.0, "percent_covered_display": "100", "missing_lines": 0, "excluded_lines": 0, "percent_statements_covered": 100.0, "percent_statements_covered_display": "100"}, "missing_lines": [], "excluded_lines": []}, "resize_image": {"executed_lines": [251, 252, 254, 256, 258, 259, 260, 261, 264, 265, 266, 268, 271, 272, 273, 275, 277, 278, 280, 281, 282], "summary": {"covered_lines": 21, "num_statements": 22, "percent_covered": 95.45454545454545, "percent_covered_display": "95", "missing_lines": 1, "excluded_lines": 0, "percent_statements_covered": 95.45454545454545, "percent_statements_covered_display": "95"}, "missing_lines": [263], "excluded_lines": []}, "normalize_image": {"executed_lines": [299, 300, 303, 306, 308, 309], "summary": {"covered_lines": 6, "num_statements": 6, "percent_covered": 100.0, "percent_covered_display": "100", "missing_lines": 0, "excluded_lines": 0, "percent_statements_covered": 100.0, "percent_statements_covered_display": "100"}, "missing_lines": [], "excluded_lines": []}, "create_thumbnail": {"executed_lines": [329, 330, 333, 336, 337, 338, 339, 340, 341, 343, 344, 345, 347], "summary": {"covered_lines": 13, "num_statements": 13, "percent_covered": 100.0, "percent_covered_display": "100", "missing_lines": 0, "excluded_lines": 0, "percent_statements_covered": 100.0, "percent_statements_covered_display": "100"}, "missing_lines": [], "excluded_lines": []}, "crop_bbox": {"executed_lines": [371, 372, 374, 375, 378, 379, 382, 383, 386, 387, 388, 389, 390, 391, 392, 395, 396, 397, 398, 401, 402, 404, 405, 406, 407, 410, 411, 412, 413, 416, 418, 419], "summary": {"covered_lines": 32, "num_statements": 32, "percent_covered": 100.0, "percent_covered_display": "100", "missing_lines": 0, "excluded_lines": 0, "percent_statements_covered": 100.0, "percent_statements_covered_display": "100"}, "missing_lines": [], "excluded_lines": []}, "save_image": {"executed_lines": [435, 436, 438, 441, 442, 443, 444, 447, 448, 449, 450, 451, 454, 455, 456, 457, 458, 459, 460], "summary": {"covered_lines": 19, "num_statements": 19, "percent_covered": 100.0, "percent_covered_display": "100", "missing_lines": 0, "excluded_lines": 0, "percent_statements_covered": 100.0, "percent_statements_covered_display": "100"}, "missing_lines": [], "excluded_lines": []}, "": {"executed_lines": [1, 11, 12, 13, 14, 16, 17, 18, 19, 20, 22, 25, 26, 28, 31, 97, 195, 230, 285, 312, 350, 422, 463], "summary": {"covered_lines": 21, "num_statements": 62, "percent_covered": 33.87096774193548, "percent_covered_display": "34", "missing_lines": 41, "excluded_lines": 0, "percent_statements_covered": 33.87096774193548, "percent_statements_covered_display": "34"}, "missing_lines": [464, 465, 466, 468, 469, 471, 473, 476, 477, 478, 481, 482, 485, 486, 487, 488, 489, 492, 493, 494, 495, 496, 499, 500, 501, 502, 503, 504, 507, 508, 509, 510, 511, 512, 515, 516, 517, 518, 519, 520, 522], "excluded_lines": []}}, "classes": {"ImageLoadError": {"executed_lines": [], "summary": {"covered_lines": 0, "num_statements": 0, "percent_covered": 100.0, "percent_covered_display": "100", "missing_lines": 0, "excluded_lines": 0, "percent_statements_covered": 100.0, "percent_statements_covered_display": "100"}, "missing_lines": [], "excluded_lines": []}, "": {"executed_lines": [1, 11, 12, 13, 14, 16, 17, 18, 19, 20, 22, 25, 26, 28, 31, 48, 49, 50, 52, 53, 54, 56, 58, 59, 61, 62, 64, 65, 66, 67, 68, 69, 71, 72, 73, 74, 77, 78, 79, 80, 82, 86, 88, 89, 91, 93, 94, 97, 116, 117, 129, 130, 131, 132, 135, 136, 137, 138, 141, 142, 144, 145, 147, 148, 149, 151, 152, 154, 155, 157, 158, 160, 162, 163, 164, 165, 168, 169, 172, 174, 175, 178, 180, 181, 182, 183, 185, 187, 189, 190, 192, 195, 206, 208, 209, 210, 211, 213, 214, 215, 217, 220, 221, 223, 225, 226, 227, 230, 251, 252, 254, 256, 258, 259, 260, 261, 264, 265, 266, 268, 271, 272, 273, 275, 277, 278, 280, 281, 282, 285, 299, 300, 303, 306, 308, 309, 312, 329, 330, 333, 336, 337, 338, 339, 340, 341, 343, 344, 345, 347, 350, 371, 372, 374, 375, 378, 379, 382, 383, 386, 387, 388, 389, 390, 391, 392, 395, 396, 397, 398, 401, 402, 404, 405, 406, 407, 410, 411, 412, 413, 416, 418, 419, 422, 435, 436, 438, 441, 442, 443, 444, 447, 448, 449, 450, 451, 454, 455, 456, 457, 458, 459, 460, 463], "summary": {"covered_lines": 202, "num_statements": 246, "percent_covered": 82.11382113821138, "percent_covered_display": "82", "missing_lines": 44, "excluded_lines": 0, "percent_statements_covered": 82.11382113821138, "percent_statements_covered_display": "82"}, "missing_lines": [83, 92, 263, 464, 465, 466, 468, 469, 471, 473, 476, 477, 478, 481, 482, 485, 486, 487, 488, 489, 492, 493, 494, 495, 496, 499, 500, 501, 502, 503, 504, 507, 508, 509, 510, 511, 512, 515, 516, 517, 518, 519, 520, 522], "excluded_lines": []}}}, "utils/logger.py": {"executed_lines": [1, 11, 12, 13, 14, 15, 19, 22, 26, 29, 53, 54, 57, 58, 59, 60, 61, 62, 63, 64, 67, 68, 71, 72, 75, 76, 77, 78, 79, 82, 83, 84, 90, 91, 92, 93, 94, 95, 99, 100, 101, 107, 108, 109, 110, 111, 112, 116, 117, 128, 142, 145, 155, 162, 164, 165, 167, 168, 171, 192, 195], "summary": {"covered_lines": 60, "num_statements": 72, "percent_covered": 83.33333333333333, "percent_covered_display": "83", "missing_lines": 12, "excluded_lines": 0, "percent_statements_covered": 83.33333333333333, "percent_statements_covered_display": "83"}, "missing_lines": [197, 198, 200, 201, 202, 203, 204, 206, 207, 208, 209, 211], "excluded_lines": [], "functions": {"setup_logging": {"executed_lines": [53, 54, 57, 58, 59, 60, 61, 62, 63, 64, 67, 68, 71, 72, 75, 76, 77, 78, 79, 82, 83, 84, 90, 91, 92, 93, 94, 95, 99, 100, 101, 107, 108, 109, 110, 111, 112, 116, 117], "summary": {"covered_lines": 39, "num_statements": 39, "percent_covered": 100.0, "percent_covered_display": "100", "missing_lines": 0, "excluded_lines": 0, "percent_statements_covered": 100.0, "percent_statements_covered_display": "100"}, "missing_lines": [], "excluded_lines": []}, "get_logger": {"executed_lines": [142], "summary": {"covered_lines": 1, "num_statements": 1, "percent_covered": 100.0, "percent_covered_display": "100", "missing_lines": 0, "excluded_lines": 0, "percent_statements_covered": 100.0, "percent_statements_covered_display": "100"}, "missing_lines": [], "excluded_lines": []}, "set_log_level": {"executed_lines": [155, 162, 164, 165, 167, 168], "summary": {"covered_lines": 6, "num_statements": 6, "percent_covered": 100.0, "percent_covered_display": "100", "missing_lines": 0, "excluded_lines": 0, "percent_statements_covered": 100.0, "percent_statements_covered_display": "100"}, "missing_lines": [], "excluded_lines": []}, "log_exception": {"executed_lines": [192], "summary": {"covered_lines": 1, "num_statements": 1, "percent_covered": 100.0, "percent_covered_display": "100", "missing_lines": 0, "excluded_lines": 0, "percent_statements_covered": 100.0, "percent_statements_covered_display": "100"}, "missing_lines": [], "excluded_lines": []}, "": {"executed_lines": [1, 11, 12, 13, 14, 15, 19, 22, 26, 29, 128, 145, 171, 195], "summary": {"covered_lines": 13, "num_statements": 25, "percent_covered": 52.0, "percent_covered_display": "52", "missing_lines": 12, "excluded_lines": 0, "percent_statements_covered": 52.0, "percent_statements_covered_display": "52"}, "missing_lines": [197, 198, 200, 201, 202, 203, 204, 206, 207, 208, 209, 211], "excluded_lines": []}}, "classes": {"": {"executed_lines": [1, 11, 12, 13, 14, 15, 19, 22, 26, 29, 53, 54, 57, 58, 59, 60, 61, 62, 63, 64, 67, 68, 71, 72, 75, 76, 77, 78, 79, 82, 83, 84, 90, 91, 92, 93, 94, 95, 99, 100, 101, 107, 108, 109, 110, 111, 112, 116, 117, 128, 142, 145, 155, 162, 164, 165, 167, 168, 171, 192, 195], "summary": {"covered_lines": 60, "num_statements": 72, "percent_covered": 83.33333333333333, "percent_covered_display": "83", "missing_lines": 12, "excluded_lines": 0, "percent_statements_covered": 83.33333333333333, "percent_statements_covered_display": "83"}, "missing_lines": [197, 198, 200, 201, 202, 203, 204, 206, 207, 208, 209, 211], "excluded_lines": []}}}, "utils/validators.py": {"executed_lines": [1, 10, 11, 12, 13, 15, 16, 17, 19, 23, 26, 27, 29, 32, 46, 47, 48, 49, 51, 52, 54, 55, 58, 72, 74, 75, 77, 78, 81, 95, 96, 97, 98, 100, 101, 102, 103, 104, 105, 106, 108, 110, 111, 113, 114, 116, 117, 120, 137, 138, 139, 140, 142, 143, 146, 147, 148, 150, 151, 153, 154, 157, 170, 172, 173, 174, 179, 180, 183, 199, 200, 202, 204, 205, 206, 207, 208, 209, 210, 213, 215, 216, 218, 219, 221, 222, 225, 228, 230, 231, 232, 234, 235, 236, 237, 240, 260, 262, 263, 265, 266, 268, 269, 271, 272, 274, 277, 290, 291, 295, 296, 298, 299, 302, 315, 316, 320, 321, 323, 324, 327, 342, 343, 345, 346, 348, 349, 352, 373, 374, 376, 377, 379, 380, 383, 401, 402, 404, 405, 407, 408, 410, 411, 414, 428, 429, 432, 445, 448, 461, 464, 465, 467, 468, 472, 473, 476], "summary": {"covered_lines": 155, "num_statements": 206, "percent_covered": 75.24271844660194, "percent_covered_display": "75", "missing_lines": 51, "excluded_lines": 0, "percent_statements_covered": 75.24271844660194, "percent_statements_covered_display": "75"}, "missing_lines": [226, 477, 478, 480, 481, 483, 485, 488, 489, 490, 491, 492, 495, 496, 497, 498, 499, 501, 502, 503, 504, 505, 508, 509, 510, 511, 512, 514, 515, 516, 517, 518, 521, 522, 523, 524, 525, 527, 528, 529, 530, 531, 534, 536, 537, 538, 539, 540, 541, 542, 544], "excluded_lines": [], "functions": {"validate_file_exists": {"executed_lines": [46, 47, 48, 49, 51, 52, 54, 55], "summary": {"covered_lines": 8, "num_statements": 8, "percent_covered": 100.0, "percent_covered_display": "100", "missing_lines": 0, "excluded_lines": 0, "percent_statements_covered": 100.0, "percent_statements_covered_display": "100"}, "missing_lines": [], "excluded_lines": []}, "validate_file_readable": {"executed_lines": [72, 74, 75, 77, 78], "summary": {"covered_lines": 5, "num_statements": 5, "percent_covered": 100.0, "percent_covered_display": "100", "missing_lines": 0, "excluded_lines": 0, "percent_statements_covered": 100.0, "percent_statements_covered_display": "100"}, "missing_lines": [], "excluded_lines": []}, "validate_directory_writable": {"executed_lines": [95, 96, 97, 98, 100, 101, 102, 103, 104, 105, 106, 108, 110, 111, 113, 114, 116, 117], "summary": {"covered_lines": 18, "num_statements": 18, "percent_covered": 100.0, "percent_covered_display": "100", "missing_lines": 0, "excluded_lines": 0, "percent_statements_covered": 100.0, "percent_statements_covered_display": "100"}, "missing_lines": [], "excluded_lines": []}, "validate_output_path": {"executed_lines": [137, 138, 139, 140, 142, 143, 146, 147, 148, 150, 151, 153, 154], "summary": {"covered_lines": 13, "num_statements": 13, "percent_covered": 100.0, "percent_covered_display": "100", "missing_lines": 0, "excluded_lines": 0, "percent_statements_covered": 100.0, "percent_statements_covered_display": "100"}, "missing_lines": [], "excluded_lines": []}, "validate_image_format": {"executed_lines": [170, 172, 173, 174, 179, 180], "summary": {"covered_lines": 6, "num_statements": 6, "percent_covered": 100.0, "percent_covered_display": "100", "missing_lines": 0, "excluded_lines": 0, "percent_statements_covered": 100.0, "percent_statements_covered_display": "100"}, "missing_lines": [], "excluded_lines": []}, "validate_image_readable": {"executed_lines": [199, 200, 202, 204, 205, 206, 207, 208, 209, 210, 213, 215, 216, 218, 219, 221, 222, 225, 228, 230, 231, 232, 234, 235, 236, 237], "summary": {"covered_lines": 26, "num_statements": 27, "percent_covered": 96.29629629629629, "percent_covered_display": "96", "missing_lines": 1, "excluded_lines": 0, "percent_statements_covered": 96.29629629629629, "percent_statements_covered_display": "96"}, "missing_lines": [226], "excluded_lines": []}, "validate_image_dimensions": {"executed_lines": [260, 262, 263, 265, 266, 268, 269, 271, 272, 274], "summary": {"covered_lines": 10, "num_statements": 10, "percent_covered": 100.0, "percent_covered_display": "100", "missing_lines": 0, "excluded_lines": 0, "percent_statements_covered": 100.0, "percent_statements_covered_display": "100"}, "missing_lines": [], "excluded_lines": []}, "validate_confidence_threshold": {"executed_lines": [290, 291, 295, 296, 298, 299], "summary": {"covered_lines": 6, "num_statements": 6, "percent_covered": 100.0, "percent_covered_display": "100", "missing_lines": 0, "excluded_lines": 0, "percent_statements_covered": 100.0, "percent_statements_covered_display": "100"}, "missing_lines": [], "excluded_lines": []}, "validate_iou_threshold": {"executed_lines": [315, 316, 320, 321, 323, 324], "summary": {"covered_lines": 6, "num_statements": 6, "percent_covered": 100.0, "percent_covered_display": "100", "missing_lines": 0, "excluded_lines": 0, "percent_statements_covered": 100.0, "percent_statements_covered_display": "100"}, "missing_lines": [], "excluded_lines": []}, "validate_positive_integer": {"executed_lines": [342, 343, 345, 346, 348, 349], "summary": {"covered_lines": 6, "num_statements": 6, "percent_covered": 100.0, "percent_covered_display": "100", "missing_lines": 0, "excluded_lines": 0, "percent_statements_covered": 100.0, "percent_statements_covered_display": "100"}, "missing_lines": [], "excluded_lines": []}, "validate_in_range": {"executed_lines": [373, 374, 376, 377, 379, 380], "summary": {"covered_lines": 6, "num_statements": 6, "percent_covered": 100.0, "percent_covered_display": "100", "missing_lines": 0, "excluded_lines": 0, "percent_statements_covered": 100.0, "percent_statements_covered_display": "100"}, "missing_lines": [], "excluded_lines": []}, "validate_in_choices": {"executed_lines": [401, 402, 404, 405, 407, 408, 410, 411], "summary": {"covered_lines": 8, "num_statements": 8, "percent_covered": 100.0, "percent_covered_display": "100", "missing_lines": 0, "excluded_lines": 0, "percent_statements_covered": 100.0, "percent_statements_covered_display": "100"}, "missing_lines": [], "excluded_lines": []}, "validate_batch_size": {"executed_lines": [428, 429], "summary": {"covered_lines": 2, "num_statements": 2, "percent_covered": 100.0, "percent_covered_display": "100", "missing_lines": 0, "excluded_lines": 0, "percent_statements_covered": 100.0, "percent_statements_covered_display": "100"}, "missing_lines": [], "excluded_lines": []}, "validate_padding_ratio": {"executed_lines": [445], "summary": {"covered_lines": 1, "num_statements": 1, "percent_covered": 100.0, "percent_covered_display": "100", "missing_lines": 0, "excluded_lines": 0, "percent_statements_covered": 100.0, "percent_statements_covered_display": "100"}, "missing_lines": [], "excluded_lines": []}, "validate_model_path": {"executed_lines": [461, 464, 465, 467, 468, 472, 473], "summary": {"covered_lines": 7, "num_statements": 7, "percent_covered": 100.0, "percent_covered_display": "100", "missing_lines": 0, "excluded_lines": 0, "percent_statements_covered": 100.0, "percent_statements_covered_display": "100"}, "missing_lines": [], "excluded_lines": []}, "": {"executed_lines": [1, 10, 11, 12, 13, 15, 16, 17, 19, 23, 26, 27, 29, 32, 58, 81, 120, 157, 183, 240, 277, 302, 327, 352, 383, 414, 432, 448, 476], "summary": {"covered_lines": 27, "num_statements": 77, "percent_covered": 35.064935064935064, "percent_covered_display": "35", "missing_lines": 50, "excluded_lines": 0, "percent_statements_covered": 35.064935064935064, "percent_statements_covered_display": "35"}, "missing_lines": [477, 478, 480, 481, 483, 485, 488, 489, 490, 491, 492, 495, 496, 497, 498, 499, 501, 502, 503, 504, 505, 508, 509, 510, 511, 512, 514, 515, 516, 517, 518, 521, 522, 523, 524, 525, 527, 528, 529, 530, 531, 534, 536, 537, 538, 539, 540, 541, 542, 544], "excluded_lines": []}}, "classes": {"ValidationError": {"executed_lines": [], "summary": {"covered_lines": 0, "num_statements": 0, "percent_covered": 100.0, "percent_covered_display": "100", "missing_lines": 0, "excluded_lines": 0, "percent_statements_covered": 100.0, "percent_statements_covered_display": "100"}, "missing_lines": [], "excluded_lines": []}, "": {"executed_lines": [1, 10, 11, 12, 13, 15, 16, 17, 19, 23, 26, 27, 29, 32, 46, 47, 48, 49, 51, 52, 54, 55, 58, 72, 74, 75, 77, 78, 81, 95, 96, 97, 98, 100, 101, 102, 103, 104, 105, 106, 108, 110, 111, 113, 114, 116, 117, 120, 137, 138, 139, 140, 142, 143, 146, 147, 148, 150, 151, 153, 154, 157, 170, 172, 173, 174, 179, 180, 183, 199, 200, 202, 204, 205, 206, 207, 208, 209, 210, 213, 215, 216, 218, 219, 221, 222, 225, 228, 230, 231, 232, 234, 235, 236, 237, 240, 260, 262, 263, 265, 266, 268, 269, 271, 272, 274, 277, 290, 291, 295, 296, 298, 299, 302, 315, 316, 320, 321, 323, 324, 327, 342, 343, 345, 346, 348, 349, 352, 373, 374, 376, 377, 379, 380, 383, 401, 402, 404, 405, 407, 408, 410, 411, 414, 428, 429, 432, 445, 448, 461, 464, 465, 467, 468, 472, 473, 476], "summary": {"covered_lines": 155, "num_statements": 206, "percent_covered": 75.24271844660194, "percent_covered_display": "75", "missing_lines": 51, "excluded_lines": 0, "percent_statements_covered": 75.24271844660194, "percent_statements_covered_display": "75"}, "missing_lines": [226, 477, 478, 480, 481, 483, 485, 488, 489, 490, 491, 492, 495, 496, 497, 498, 499, 501, 502, 503, 504, 505, 508, 509, 510, 511, 512, 514, 515, 516, 517, 518, 521, 522, 523, 524, 525, 527, 528, 529, 530, 531, 534, 536, 537, 538, 539, 540, 541, 542, 544], "excluded_lines": []}}}}, "totals": {"covered_lines": 7230, "num_statements": 8024, "percent_covered": 90.10468594217348, "percent_covered_display": "90", "missing_lines": 794, "excluded_lines": 0, "percent_statements_covered": 90.10468594217348, "percent_statements_covered_display": "90"}}